#
# There is insufficient memory for the Java Runtime Environment to continue.
# Native memory allocation (malloc) failed to allocate 913376 bytes for Chunk::new
# Possible reasons:
#   The system is out of physical RAM or swap space
#   In 32 bit mode, the process size limit was hit
# Possible solutions:
#   Reduce memory load on the system
#   Increase physical memory or swap space
#   Check if swap backing store is full
#   Use 64 bit Java on a 64 bit OS
#   Decrease Java heap size (-Xmx/-Xms)
#   Decrease number of Java threads
#   Decrease Java thread stack sizes (-Xss)
#   Set larger code cache with -XX:ReservedCodeCacheSize=
# This output file may be truncated or incomplete.
#
#  Out of Memory Error (allocation.cpp:390), pid=10688, tid=0x000000000000209c
#
# JRE version: OpenJDK Runtime Environment (8.0_152-b01) (build 1.8.0_152-release-1343-b01)
# Java VM: OpenJDK 64-Bit Server VM (25.152-b01 mixed mode windows-amd64 compressed oops)
# Failed to write core dump. Minidumps are not enabled by default on client versions of Windows
#

---------------  T H R E A D  ---------------

Current thread (0x0000000017f02000):  JavaThread "C2 CompilerThread1" daemon [_thread_in_native, id=8348, stack(0x0000000019680000,0x0000000019780000)]

Stack: [0x0000000019680000,0x0000000019780000]
[error occurred during error reporting (printing stack bounds), id 0xc0000005]

Native frames: (J=compiled Java code, j=interpreted, Vv=VM code, C=native code)


Current CompileTask:
C2: 268843 23592       4       com.android.tools.r8.ir.conversion.DexBuilder::build (815 bytes)


---------------  P R O C E S S  ---------------

Java Threads: ( => current thread )
  0x000000001e1d3800 JavaThread "ForkJoinPool.commonPool-worker-0" daemon [_thread_in_native, id=10312, stack(0x0000000029310000,0x0000000029410000)]
  0x000000001e1d3000 JavaThread "ForkJoinPool.commonPool-worker-3" daemon [_thread_in_Java, id=13604, stack(0x0000000029210000,0x0000000029310000)]
  0x000000001e1d4800 JavaThread "ForkJoinPool.commonPool-worker-2" daemon [_thread_in_vm, id=108, stack(0x0000000028c60000,0x0000000028d60000)]
  0x000000001e0d9800 JavaThread "Cache worker for Java compile cache (D:\Documents\AndroidAPS-dev\.gradle\5.1.1\javaCompile)" [_thread_blocked, id=1820, stack(0x0000000027790000,0x0000000027890000)]
  0x000000001e0d2000 JavaThread "Cache worker for Java compile cache (C:\Users\Win7 Pro x64\.gradle\caches\5.1.1\javaCompile)" [_thread_blocked, id=2036, stack(0x0000000027690000,0x0000000027790000)]
  0x000000001e0d3800 JavaThread "RMI Reaper" [_thread_blocked, id=14676, stack(0x0000000027490000,0x0000000027590000)]
  0x000000002239d800 JavaThread "RMI TCP Accept-0" daemon [_thread_in_native, id=13076, stack(0x0000000027390000,0x0000000027490000)]
  0x000000002239d000 JavaThread "GC Daemon" daemon [_thread_blocked, id=7456, stack(0x0000000027290000,0x0000000027390000)]
  0x000000002239c000 JavaThread "RMI Scheduler(0)" daemon [_thread_blocked, id=6208, stack(0x0000000027090000,0x0000000027190000)]
  0x0000000022399000 JavaThread "stdout" [_thread_in_native, id=14664, stack(0x0000000026f90000,0x0000000027090000)]
  0x000000002239a800 JavaThread "stderr" [_thread_in_native, id=3212, stack(0x0000000026e90000,0x0000000026f90000)]
  0x0000000022391000 JavaThread "pool-2-thread-1" [_thread_blocked, id=5516, stack(0x0000000026d90000,0x0000000026e90000)]
  0x0000000022393000 JavaThread "Cache worker for execution history cache (D:\Documents\AndroidAPS-dev\.gradle\5.1.1\executionHistory)" [_thread_blocked, id=10984, stack(0x0000000026300000,0x0000000026400000)]
  0x000000002238f800 JavaThread "Execution worker for ':' Thread 3" [_thread_blocked, id=13156, stack(0x0000000026200000,0x0000000026300000)]
  0x0000000022394000 JavaThread "Execution worker for ':' Thread 2" [_thread_blocked, id=15008, stack(0x0000000026100000,0x0000000026200000)]
  0x0000000022392800 JavaThread "Execution worker for ':'" [_thread_blocked, id=1228, stack(0x0000000026000000,0x0000000026100000)]
  0x000000001e0de000 JavaThread "Cache worker for file content cache (D:\Documents\AndroidAPS-dev\.gradle\5.1.1\fileContent)" [_thread_blocked, id=4524, stack(0x0000000025d00000,0x0000000025e00000)]
  0x000000001e0dd800 JavaThread "Cache worker for file content cache (C:\Users\Win7 Pro x64\.gradle\caches\5.1.1\fileContent)" [_thread_blocked, id=9108, stack(0x0000000025c00000,0x0000000025d00000)]
  0x000000001e0d3000 JavaThread "Memory manager" [_thread_blocked, id=3024, stack(0x0000000025300000,0x0000000025400000)]
  0x000000001e0d4800 JavaThread "Cache worker for Build Output Cleanup Cache (D:\Documents\AndroidAPS-dev\.gradle\buildOutputCleanup)" [_thread_blocked, id=9780, stack(0x0000000024300000,0x0000000024400000)]
  0x000000001e0d6800 JavaThread "Build operations Thread 4" [_thread_blocked, id=13776, stack(0x0000000023770000,0x0000000023870000)]
  0x000000001e0d7800 JavaThread "Build operations Thread 3" [_thread_blocked, id=13408, stack(0x0000000023670000,0x0000000023770000)]
  0x000000001e0d6000 JavaThread "Build operations Thread 2" [_thread_blocked, id=1016, stack(0x00000000232f0000,0x00000000233f0000)]
  0x000000001e0d9000 JavaThread "Build operations" [_thread_blocked, id=13800, stack(0x00000000231f0000,0x00000000232f0000)]
  0x000000001e0d0000 JavaThread "Cache worker for execution history cache (C:\Users\Win7 Pro x64\.gradle\caches\5.1.1\executionHistory)" [_thread_blocked, id=6540, stack(0x0000000022da0000,0x0000000022ea0000)]
  0x000000001e0d0800 JavaThread "Cache worker for cache directory md-rule (C:\Users\Win7 Pro x64\.gradle\caches\5.1.1\md-rule)" [_thread_blocked, id=10648, stack(0x00000000218b0000,0x00000000219b0000)]
  0x000000001e0d1800 JavaThread "Cache worker for cache directory md-supplier (C:\Users\Win7 Pro x64\.gradle\caches\5.1.1\md-supplier)" [_thread_blocked, id=7788, stack(0x00000000217b0000,0x00000000218b0000)]
  0x000000001aa0a800 JavaThread "Cache worker for file hash cache (D:\Documents\AndroidAPS-dev\.gradle\5.1.1\fileHashes)" [_thread_blocked, id=10808, stack(0x000000001eca0000,0x000000001eda0000)]
  0x000000001aa07800 JavaThread "Cache worker for journal cache (C:\Users\Win7 Pro x64\.gradle\caches\journal-1)" [_thread_blocked, id=13420, stack(0x000000001d9d0000,0x000000001dad0000)]
  0x000000001aa0d800 JavaThread "File lock request listener" [_thread_in_native, id=3216, stack(0x000000001d8d0000,0x000000001d9d0000)]
  0x000000001b260800 JavaThread "Cache worker for file hash cache (C:\Users\Win7 Pro x64\.gradle\caches\5.1.1\fileHashes)" [_thread_blocked, id=12392, stack(0x000000001d7d0000,0x000000001d8d0000)]
  0x000000001b636800 JavaThread "Thread-8" [_thread_blocked, id=4564, stack(0x000000001d6d0000,0x000000001d7d0000)]
  0x000000001b634000 JavaThread "Asynchronous log dispatcher for DefaultDaemonConnection: socket connection from /127.0.0.1:58334 to /127.0.0.1:58335" [_thread_blocked, id=7356, stack(0x000000001d4d0000,0x000000001d5d0000)]
  0x000000001b631800 JavaThread "Daemon worker" [_thread_blocked, id=7864, stack(0x000000001d3d0000,0x000000001d4d0000)]
  0x000000001b62f800 JavaThread "Cancel handler" [_thread_blocked, id=10068, stack(0x000000001d2d0000,0x000000001d3d0000)]
  0x000000001a348000 JavaThread "Handler for socket connection from /127.0.0.1:58334 to /127.0.0.1:58335" [_thread_in_native, id=13488, stack(0x000000001cfd0000,0x000000001d0d0000)]
  0x000000001a347000 JavaThread "Daemon" [_thread_blocked, id=13396, stack(0x000000001ced0000,0x000000001cfd0000)]
  0x000000001b157000 JavaThread "Daemon periodic checks" [_thread_blocked, id=13644, stack(0x000000001cdd0000,0x000000001ced0000)]
  0x0000000019c7b000 JavaThread "Incoming local TCP Connector on port 58334" [_thread_in_native, id=12912, stack(0x000000001cb60000,0x000000001cc60000)]
  0x00000000198a8800 JavaThread "Service Thread" daemon [_thread_blocked, id=1844, stack(0x0000000019c80000,0x0000000019d80000)]
  0x0000000017f11000 JavaThread "C1 CompilerThread2" daemon [_thread_blocked, id=5892, stack(0x0000000019780000,0x0000000019880000)]
=>0x0000000017f02000 JavaThread "C2 CompilerThread1" daemon [_thread_in_native, id=8348, stack(0x0000000019680000,0x0000000019780000)]
  0x0000000017efc000 JavaThread "C2 CompilerThread0" daemon [_thread_in_native, id=616, stack(0x0000000019580000,0x0000000019680000)]
  0x0000000017efa800 JavaThread "Attach Listener" daemon [_thread_blocked, id=12476, stack(0x0000000019480000,0x0000000019580000)]
  0x0000000017ef9000 JavaThread "Signal Dispatcher" daemon [_thread_blocked, id=10252, stack(0x0000000019380000,0x0000000019480000)]
  0x00000000032db800 JavaThread "Finalizer" daemon [_thread_blocked, id=12908, stack(0x0000000019150000,0x0000000019250000)]
  0x00000000032d0800 JavaThread "Reference Handler" daemon [_thread_blocked, id=3320, stack(0x0000000019050000,0x0000000019150000)]
  0x00000000031e2800 JavaThread "main" [_thread_blocked, id=14292, stack(0x0000000002fe0000,0x00000000030e0000)]

Other Threads:
  0x0000000017ec7000 VMThread [stack: 0x0000000018f50000,0x0000000019050000] [id=12844]
  0x00000000198b1000 WatcherThread [stack: 0x0000000019d80000,0x0000000019e80000] [id=14732]

VM state:not at safepoint (normal execution)

VM Mutex/Monitor currently owned by a thread: None

Heap:
 PSYoungGen      total 538624K, used 131784K [0x00000000d5580000, 0x00000000fd580000, 0x0000000100000000)
  eden space 449536K, 25% used [0x00000000d5580000,0x00000000dc4c4bd8,0x00000000f0c80000)
  from space 89088K, 20% used [0x00000000f0c80000,0x00000000f1ded5c0,0x00000000f6380000)
  to   space 75776K, 0% used [0x00000000f8b80000,0x00000000f8b80000,0x00000000fd580000)
 ParOldGen       total 423936K, used 302373K [0x0000000080000000, 0x0000000099e00000, 0x00000000d5580000)
  object space 423936K, 71% used [0x0000000080000000,0x0000000092749468,0x0000000099e00000)
 Metaspace       used 101618K, capacity 105752K, committed 105816K, reserved 1140736K
  class space    used 13026K, capacity 13925K, committed 13952K, reserved 1048576K

Card table byte_map: [0x00000000126a0000,0x0000000012ab0000] byte_map_base: 0x00000000122a0000

Marking Bits: (ParMarkBitMap*) 0x00000000718f5aa0
 Begin Bits: [0x0000000013160000, 0x0000000015160000)
 End Bits:   [0x0000000015160000, 0x0000000017160000)

Polling page: 0x0000000001360000

CodeCache: size=245760Kb used=64510Kb max_used=64510Kb free=181249Kb
 bounds [0x00000000032e0000, 0x0000000007230000, 0x00000000122e0000]
 total_blobs=18975 nmethods=18051 adapters=834
 compilation: enabled

Compilation events (10 events):
Event: 268.289 Thread 0x0000000017f11000 23791       2       com.android.tools.r8.ir.optimize.PeepholeOptimizer::removeWideConstantCovering (44 bytes)
Event: 268.291 Thread 0x0000000017f11000 nmethod 23791 0x0000000007213c50 code [0x0000000007213e00, 0x00000000072141a8]
Event: 268.363 Thread 0x0000000017f11000 23793       1       com.android.tools.r8.ir.code.NewInstance::asNewInstance (2 bytes)
Event: 268.363 Thread 0x0000000017f11000 nmethod 23793 0x00000000071fca10 code [0x00000000071fcb60, 0x00000000071fcc70]
Event: 268.528 Thread 0x0000000017f11000 23795 %     3       com.android.tools.r8.graph.JarCode::hasJsr @ 10 (50 bytes)
Event: 268.529 Thread 0x0000000017f11000 nmethod 23795% 0x0000000007213110 code [0x00000000072132e0, 0x00000000072139c8]
Event: 268.530 Thread 0x0000000017f11000 23796       3       com.android.tools.r8.graph.JarCode::hasJsr (50 bytes)
Event: 268.531 Thread 0x0000000017f11000 nmethod 23796 0x0000000007212590 code [0x0000000007212760, 0x0000000007212de8]
Event: 268.789 Thread 0x0000000017f11000 23798       2       com.android.tools.r8.ir.code.ArrayLength::throwsNpeIfValueIsNull (14 bytes)
Event: 268.790 Thread 0x0000000017f11000 nmethod 23798 0x000000000722bb50 code [0x000000000722bcc0, 0x000000000722bea8]

GC Heap History (10 events):
Event: 248.275 GC heap before
{Heap before GC invocations=32 (full 5):
 PSYoungGen      total 539648K, used 463197K [0x00000000d5580000, 0x00000000fbb80000, 0x0000000100000000)
  eden space 449536K, 100% used [0x00000000d5580000,0x00000000f0c80000,0x00000000f0c80000)
  from space 90112K, 15% used [0x00000000f6380000,0x00000000f70d74c8,0x00000000fbb80000)
  to   space 89088K, 0% used [0x00000000f0c80000,0x00000000f0c80000,0x00000000f6380000)
 ParOldGen       total 423936K, used 299700K [0x0000000080000000, 0x0000000099e00000, 0x00000000d5580000)
  object space 423936K, 70% used [0x0000000080000000,0x00000000924ad258,0x0000000099e00000)
 Metaspace       used 101408K, capacity 105460K, committed 105560K, reserved 1140736K
  class space    used 13019K, capacity 13923K, committed 13952K, reserved 1048576K
Event: 248.338 GC heap after
Heap after GC invocations=32 (full 5):
 PSYoungGen      total 538624K, used 11183K [0x00000000d5580000, 0x00000000fbb80000, 0x0000000100000000)
  eden space 449536K, 0% used [0x00000000d5580000,0x00000000d5580000,0x00000000f0c80000)
  from space 89088K, 12% used [0x00000000f0c80000,0x00000000f176bee0,0x00000000f6380000)
  to   space 90112K, 0% used [0x00000000f6380000,0x00000000f6380000,0x00000000fbb80000)
 ParOldGen       total 423936K, used 302341K [0x0000000080000000, 0x0000000099e00000, 0x00000000d5580000)
  object space 423936K, 71% used [0x0000000080000000,0x0000000092741468,0x0000000099e00000)
 Metaspace       used 101408K, capacity 105460K, committed 105560K, reserved 1140736K
  class space    used 13019K, capacity 13923K, committed 13952K, reserved 1048576K
}
Event: 254.900 GC heap before
{Heap before GC invocations=33 (full 5):
 PSYoungGen      total 538624K, used 460719K [0x00000000d5580000, 0x00000000fbb80000, 0x0000000100000000)
  eden space 449536K, 100% used [0x00000000d5580000,0x00000000f0c80000,0x00000000f0c80000)
  from space 89088K, 12% used [0x00000000f0c80000,0x00000000f176bee0,0x00000000f6380000)
  to   space 90112K, 0% used [0x00000000f6380000,0x00000000f6380000,0x00000000fbb80000)
 ParOldGen       total 423936K, used 302341K [0x0000000080000000, 0x0000000099e00000, 0x00000000d5580000)
  object space 423936K, 71% used [0x0000000080000000,0x0000000092741468,0x0000000099e00000)
 Metaspace       used 101449K, capacity 105606K, committed 105816K, reserved 1140736K
  class space    used 13020K, capacity 13924K, committed 13952K, reserved 1048576K
Event: 254.948 GC heap after
Heap after GC invocations=33 (full 5):
 PSYoungGen      total 539648K, used 18167K [0x00000000d5580000, 0x00000000fbb80000, 0x0000000100000000)
  eden space 449536K, 0% used [0x00000000d5580000,0x00000000d5580000,0x00000000f0c80000)
  from space 90112K, 20% used [0x00000000f6380000,0x00000000f753dc50,0x00000000fbb80000)
  to   space 89088K, 0% used [0x00000000f0c80000,0x00000000f0c80000,0x00000000f6380000)
 ParOldGen       total 423936K, used 302349K [0x0000000080000000, 0x0000000099e00000, 0x00000000d5580000)
  object space 423936K, 71% used [0x0000000080000000,0x0000000092743468,0x0000000099e00000)
 Metaspace       used 101449K, capacity 105606K, committed 105816K, reserved 1140736K
  class space    used 13020K, capacity 13924K, committed 13952K, reserved 1048576K
}
Event: 259.265 GC heap before
{Heap before GC invocations=34 (full 5):
 PSYoungGen      total 539648K, used 467703K [0x00000000d5580000, 0x00000000fbb80000, 0x0000000100000000)
  eden space 449536K, 100% used [0x00000000d5580000,0x00000000f0c80000,0x00000000f0c80000)
  from space 90112K, 20% used [0x00000000f6380000,0x00000000f753dc50,0x00000000fbb80000)
  to   space 89088K, 0% used [0x00000000f0c80000,0x00000000f0c80000,0x00000000f6380000)
 ParOldGen       total 423936K, used 302349K [0x0000000080000000, 0x0000000099e00000, 0x00000000d5580000)
  object space 423936K, 71% used [0x0000000080000000,0x0000000092743468,0x0000000099e00000)
 Metaspace       used 101550K, capacity 105682K, committed 105816K, reserved 1140736K
  class space    used 13025K, capacity 13924K, committed 13952K, reserved 1048576K
Event: 259.331 GC heap after
Heap after GC invocations=34 (full 5):
 PSYoungGen      total 538624K, used 14363K [0x00000000d5580000, 0x00000000fbb80000, 0x0000000100000000)
  eden space 449536K, 0% used [0x00000000d5580000,0x00000000d5580000,0x00000000f0c80000)
  from space 89088K, 16% used [0x00000000f0c80000,0x00000000f1a86de8,0x00000000f6380000)
  to   space 90112K, 0% used [0x00000000f6380000,0x00000000f6380000,0x00000000fbb80000)
 ParOldGen       total 423936K, used 302357K [0x0000000080000000, 0x0000000099e00000, 0x00000000d5580000)
  object space 423936K, 71% used [0x0000000080000000,0x0000000092745468,0x0000000099e00000)
 Metaspace       used 101550K, capacity 105682K, committed 105816K, reserved 1140736K
  class space    used 13025K, capacity 13924K, committed 13952K, reserved 1048576K
}
Event: 263.477 GC heap before
{Heap before GC invocations=35 (full 5):
 PSYoungGen      total 538624K, used 463899K [0x00000000d5580000, 0x00000000fbb80000, 0x0000000100000000)
  eden space 449536K, 100% used [0x00000000d5580000,0x00000000f0c80000,0x00000000f0c80000)
  from space 89088K, 16% used [0x00000000f0c80000,0x00000000f1a86de8,0x00000000f6380000)
  to   space 90112K, 0% used [0x00000000f6380000,0x00000000f6380000,0x00000000fbb80000)
 ParOldGen       total 423936K, used 302357K [0x0000000080000000, 0x0000000099e00000, 0x00000000d5580000)
  object space 423936K, 71% used [0x0000000080000000,0x0000000092745468,0x0000000099e00000)
 Metaspace       used 101587K, capacity 105752K, committed 105816K, reserved 1140736K
  class space    used 13026K, capacity 13925K, committed 13952K, reserved 1048576K
Event: 263.530 GC heap after
Heap after GC invocations=35 (full 5):
 PSYoungGen      total 539648K, used 16476K [0x00000000d5580000, 0x00000000fbb80000, 0x0000000100000000)
  eden space 449536K, 0% used [0x00000000d5580000,0x00000000d5580000,0x00000000f0c80000)
  from space 90112K, 18% used [0x00000000f6380000,0x00000000f7397248,0x00000000fbb80000)
  to   space 89088K, 0% used [0x00000000f0c80000,0x00000000f0c80000,0x00000000f6380000)
 ParOldGen       total 423936K, used 302365K [0x0000000080000000, 0x0000000099e00000, 0x00000000d5580000)
  object space 423936K, 71% used [0x0000000080000000,0x0000000092747468,0x0000000099e00000)
 Metaspace       used 101587K, capacity 105752K, committed 105816K, reserved 1140736K
  class space    used 13026K, capacity 13925K, committed 13952K, reserved 1048576K
}
Event: 267.610 GC heap before
{Heap before GC invocations=36 (full 5):
 PSYoungGen      total 539648K, used 466012K [0x00000000d5580000, 0x00000000fbb80000, 0x0000000100000000)
  eden space 449536K, 100% used [0x00000000d5580000,0x00000000f0c80000,0x00000000f0c80000)
  from space 90112K, 18% used [0x00000000f6380000,0x00000000f7397248,0x00000000fbb80000)
  to   space 89088K, 0% used [0x00000000f0c80000,0x00000000f0c80000,0x00000000f6380000)
 ParOldGen       total 423936K, used 302365K [0x0000000080000000, 0x0000000099e00000, 0x00000000d5580000)
  object space 423936K, 71% used [0x0000000080000000,0x0000000092747468,0x0000000099e00000)
 Metaspace       used 101615K, capacity 105752K, committed 105816K, reserved 1140736K
  class space    used 13026K, capacity 13925K, committed 13952K, reserved 1048576K
Event: 267.692 GC heap after
Heap after GC invocations=36 (full 5):
 PSYoungGen      total 538624K, used 17845K [0x00000000d5580000, 0x00000000fd580000, 0x0000000100000000)
  eden space 449536K, 0% used [0x00000000d5580000,0x00000000d5580000,0x00000000f0c80000)
  from space 89088K, 20% used [0x00000000f0c80000,0x00000000f1ded5c0,0x00000000f6380000)
  to   space 75776K, 0% used [0x00000000f8b80000,0x00000000f8b80000,0x00000000fd580000)
 ParOldGen       total 423936K, used 302373K [0x0000000080000000, 0x0000000099e00000, 0x00000000d5580000)
  object space 423936K, 71% used [0x0000000080000000,0x0000000092749468,0x0000000099e00000)
 Metaspace       used 101615K, capacity 105752K, committed 105816K, reserved 1140736K
  class space    used 13026K, capacity 13925K, committed 13952K, reserved 1048576K
}

Deoptimization events (10 events):
Event: 266.872 Thread 0x000000001e1d4800 Uncommon trap: reason=unstable_if action=reinterpret pc=0x0000000005d02e68 method=com.android.tools.r8.org.objectweb.asm.ClassReader.readUTF(II[C)Ljava/lang/String; @ 69
Event: 266.872 Thread 0x000000001e1d4800 Uncommon trap: reason=unstable_if action=reinterpret pc=0x00000000058abfd4 method=com.android.tools.r8.org.objectweb.asm.ClassReader.readUTF(II[C)Ljava/lang/String; @ 69
Event: 266.905 Thread 0x000000001e1d4800 Uncommon trap: reason=unstable_if action=reinterpret pc=0x00000000060b3a10 method=com.android.tools.r8.graph.DexString.countBytes(Ljava/lang/String;)I @ 38
Event: 266.905 Thread 0x000000001e1d4800 Uncommon trap: reason=unstable_if action=reinterpret pc=0x000000000610ddc4 method=com.android.tools.r8.graph.DexString.countBytes(Ljava/lang/String;)I @ 38
Event: 266.907 Thread 0x000000001e1d4800 Uncommon trap: reason=unstable_if action=reinterpret pc=0x000000000589ac6c method=com.android.tools.r8.graph.DexString.countBytes(Ljava/lang/String;)I @ 38
Event: 267.001 Thread 0x000000001e1d4800 Uncommon trap: reason=unstable_if action=reinterpret pc=0x0000000006e11ce4 method=com.android.tools.r8.graph.DexString.decode()Ljava/lang/String; @ 71
Event: 268.262 Thread 0x000000001e1d4800 Uncommon trap: reason=unstable_if action=reinterpret pc=0x0000000006e3cea0 method=com.android.tools.r8.ir.optimize.PeepholeOptimizer.removeWideConstantCovering(Ljava/util/Map;I)V @ 27
Event: 268.280 Thread 0x000000001e1d4800 Uncommon trap: reason=unstable_if action=reinterpret pc=0x0000000006ee3e0c method=com.android.tools.r8.ir.optimize.PeepholeOptimizer.removeWideConstantCovering(Ljava/util/Map;I)V @ 27
Event: 268.831 Thread 0x000000001e1d3000 Uncommon trap: reason=array_check action=maybe_recompile pc=0x000000000721d884 method=java.util.TimSort.mergeLo(IIII)V @ 590
Event: 268.833 Thread 0x000000001e1d3000 Uncommon trap: reason=array_check action=maybe_recompile pc=0x000000000721d884 method=java.util.TimSort.mergeLo(IIII)V @ 590

Classes redefined (0 events):
No events

Internal exceptions (10 events):
Event: 233.853 Thread 0x000000001b631800 Exception <a 'sun/nio/fs/WindowsException'> (0x00000000d570d5f8) thrown at [D:\src\AOSP-openjdk-cygwin\jdk8u\hotspot\src\share\vm\prims\jni.cpp, line 709]
Event: 233.854 Thread 0x000000001b631800 Exception <a 'sun/nio/fs/WindowsException'> (0x00000000d570fca0) thrown at [D:\src\AOSP-openjdk-cygwin\jdk8u\hotspot\src\share\vm\prims\jni.cpp, line 709]
Event: 233.874 Thread 0x000000001b631800 Exception <a 'sun/nio/fs/WindowsException'> (0x00000000d7dc2b20) thrown at [D:\src\AOSP-openjdk-cygwin\jdk8u\hotspot\src\share\vm\prims\jni.cpp, line 709]
Event: 233.874 Thread 0x000000001b631800 Exception <a 'sun/nio/fs/WindowsException'> (0x00000000d7dc3c68) thrown at [D:\src\AOSP-openjdk-cygwin\jdk8u\hotspot\src\share\vm\prims\jni.cpp, line 709]
Event: 233.875 Thread 0x000000001b631800 Exception <a 'sun/nio/fs/WindowsException'> (0x00000000d7dc6310) thrown at [D:\src\AOSP-openjdk-cygwin\jdk8u\hotspot\src\share\vm\prims\jni.cpp, line 709]
Event: 233.951 Thread 0x000000001b631800 Exception <a 'sun/nio/fs/WindowsException'> (0x00000000d7df5718) thrown at [D:\src\AOSP-openjdk-cygwin\jdk8u\hotspot\src\share\vm\prims\jni.cpp, line 709]
Event: 233.952 Thread 0x000000001b631800 Exception <a 'sun/nio/fs/WindowsException'> (0x00000000d7df6860) thrown at [D:\src\AOSP-openjdk-cygwin\jdk8u\hotspot\src\share\vm\prims\jni.cpp, line 709]
Event: 233.952 Thread 0x000000001b631800 Exception <a 'sun/nio/fs/WindowsException'> (0x00000000d7df8f08) thrown at [D:\src\AOSP-openjdk-cygwin\jdk8u\hotspot\src\share\vm\prims\jni.cpp, line 709]
Event: 241.686 Thread 0x000000001e1d3800 Implicit null exception at 0x00000000049a6063 to 0x00000000049a6549
Event: 247.345 Thread 0x000000001e1d4800 Implicit null exception at 0x000000000552fdcf to 0x000000000552ff41

Events (10 events):
Event: 268.825 Thread 0x000000001e1d3000 DEOPT PACKING pc=0x0000000005eaccc6 sp=0x000000002930e4c0
Event: 268.825 Thread 0x000000001e1d3000 DEOPT UNPACKING pc=0x00000000033275d0 sp=0x000000002930e238 mode 0
Event: 268.827 Thread 0x000000001e1d3000 DEOPT PACKING pc=0x0000000005eaccc6 sp=0x000000002930e4c0
Event: 268.827 Thread 0x000000001e1d3000 DEOPT UNPACKING pc=0x00000000033275d0 sp=0x000000002930e238 mode 0
Event: 268.831 Thread 0x000000001e1d3000 Uncommon trap: trap_request=0xffffffd6 fr.pc=0x000000000721d884
Event: 268.831 Thread 0x000000001e1d3000 DEOPT PACKING pc=0x000000000721d884 sp=0x000000002930e430
Event: 268.831 Thread 0x000000001e1d3000 DEOPT UNPACKING pc=0x000000000332557b sp=0x000000002930e418 mode 2
Event: 268.833 Thread 0x000000001e1d3000 Uncommon trap: trap_request=0xffffffd6 fr.pc=0x000000000721d884
Event: 268.833 Thread 0x000000001e1d3000 DEOPT PACKING pc=0x000000000721d884 sp=0x000000002930e430
Event: 268.833 Thread 0x000000001e1d3000 DEOPT UNPACKING pc=0x000000000332557b sp=0x000000002930e418 mode 2


Dynamic libraries:
0x00007ff6258a0000 - 0x00007ff6258d1000 	C:\Program Files\Android\Android Studio1\jre\bin\java.exe
0x00007ff807510000 - 0x00007ff8076fd000 	C:\WINDOWS\SYSTEM32\ntdll.dll
0x00007ff806330000 - 0x00007ff8063e3000 	C:\WINDOWS\System32\KERNEL32.DLL
0x00007ff8035e0000 - 0x00007ff803873000 	C:\WINDOWS\System32\KERNELBASE.dll
0x00007ff8060b0000 - 0x00007ff806153000 	C:\WINDOWS\System32\ADVAPI32.dll
0x00007ff8068d0000 - 0x00007ff80696e000 	C:\WINDOWS\System32\msvcrt.dll
0x00007ff806f00000 - 0x00007ff806f9e000 	C:\WINDOWS\System32\sechost.dll
0x00007ff806ab0000 - 0x00007ff806bd2000 	C:\WINDOWS\System32\RPCRT4.dll
0x00007ff8049e0000 - 0x00007ff804b77000 	C:\WINDOWS\System32\USER32.dll
0x00007ff804700000 - 0x00007ff804720000 	C:\WINDOWS\System32\win32u.dll
0x00007ff804b80000 - 0x00007ff804ba9000 	C:\WINDOWS\System32\GDI32.dll
0x00007ff8043e0000 - 0x00007ff80457a000 	C:\WINDOWS\System32\gdi32full.dll
0x00007ff804660000 - 0x00007ff804700000 	C:\WINDOWS\System32\msvcp_win.dll
0x00007ff8038e0000 - 0x00007ff8039da000 	C:\WINDOWS\System32\ucrtbase.dll
0x00007ff8023c0000 - 0x00007ff802639000 	C:\WINDOWS\WinSxS\amd64_microsoft.windows.common-controls_6595b64144ccf1df_6.0.17763.557_none_05b63f68071e5b9f\COMCTL32.dll
0x00007ff807100000 - 0x00007ff80742c000 	C:\WINDOWS\System32\combase.dll
0x00007ff803a30000 - 0x00007ff803aae000 	C:\WINDOWS\System32\bcryptPrimitives.dll
0x00007ff806da0000 - 0x00007ff806dce000 	C:\WINDOWS\System32\IMM32.DLL
0x0000000072820000 - 0x00000000728f2000 	C:\Program Files\Android\Android Studio1\jre\jre\bin\msvcr100.dll
0x0000000071130000 - 0x0000000071971000 	C:\Program Files\Android\Android Studio1\jre\jre\bin\server\jvm.dll
0x00007ff806ef0000 - 0x00007ff806ef8000 	C:\WINDOWS\System32\PSAPI.DLL
0x00007ffffed80000 - 0x00007ffffeda4000 	C:\WINDOWS\SYSTEM32\WINMM.dll
0x00007ff8021b0000 - 0x00007ff8021ba000 	C:\WINDOWS\SYSTEM32\VERSION.dll
0x00007fffeb560000 - 0x00007fffeb569000 	C:\WINDOWS\SYSTEM32\WSOCK32.dll
0x00007ff806dd0000 - 0x00007ff806e3d000 	C:\WINDOWS\System32\WS2_32.dll
0x00007ffffed50000 - 0x00007ffffed7d000 	C:\WINDOWS\SYSTEM32\winmmbase.dll
0x00007ff8039e0000 - 0x00007ff803a2a000 	C:\WINDOWS\System32\cfgmgr32.dll
0x00007ff801920000 - 0x00007ff80192f000 	C:\Program Files\Android\Android Studio1\jre\jre\bin\verify.dll
0x00007ffffef10000 - 0x00007ffffef39000 	C:\Program Files\Android\Android Studio1\jre\jre\bin\java.dll
0x00007ff801460000 - 0x00007ff801476000 	C:\Program Files\Android\Android Studio1\jre\jre\bin\zip.dll
0x00007ff804bc0000 - 0x00007ff8060b0000 	C:\WINDOWS\System32\SHELL32.dll
0x00007ff807430000 - 0x00007ff8074d8000 	C:\WINDOWS\System32\shcore.dll
0x00007ff803c90000 - 0x00007ff8043da000 	C:\WINDOWS\System32\windows.storage.dll
0x00007ff803510000 - 0x00007ff803534000 	C:\WINDOWS\System32\profapi.dll
0x00007ff803580000 - 0x00007ff8035dd000 	C:\WINDOWS\System32\powrprof.dll
0x00007ff8048b0000 - 0x00007ff804902000 	C:\WINDOWS\System32\shlwapi.dll
0x00007ff803560000 - 0x00007ff803571000 	C:\WINDOWS\System32\kernel.appcore.dll
0x00007ff804720000 - 0x00007ff804737000 	C:\WINDOWS\System32\cryptsp.dll
0x00007ff800a30000 - 0x00007ff800a4a000 	C:\Program Files\Android\Android Studio1\jre\jre\bin\net.dll
0x00007ff802d90000 - 0x00007ff802df7000 	C:\WINDOWS\system32\mswsock.dll
0x00007ff800870000 - 0x00007ff800881000 	C:\Program Files\Android\Android Studio1\jre\jre\bin\nio.dll
0x00007ffffeef0000 - 0x00007ffffef0e000 	C:\Users\Win7 Pro x64\.gradle\native\25\windows-amd64\native-platform.dll
0x00007ff8016e0000 - 0x00007ff8016ed000 	C:\Program Files\Android\Android Studio1\jre\jre\bin\management.dll
0x00007ff802950000 - 0x00007ff802983000 	C:\WINDOWS\system32\rsaenh.dll
0x00007ff804630000 - 0x00007ff804656000 	C:\WINDOWS\System32\bcrypt.dll
0x00007ff803440000 - 0x00007ff803468000 	C:\WINDOWS\SYSTEM32\USERENV.dll
0x00007ff802f60000 - 0x00007ff802f6c000 	C:\WINDOWS\SYSTEM32\CRYPTBASE.dll
0x00007ff802af0000 - 0x00007ff802b2d000 	C:\WINDOWS\SYSTEM32\IPHLPAPI.DLL
0x00007ff806d10000 - 0x00007ff806d18000 	C:\WINDOWS\System32\NSI.dll
0x00007ffff8390000 - 0x00007ffff83a6000 	C:\WINDOWS\SYSTEM32\dhcpcsvc6.DLL
0x00007ffff8d20000 - 0x00007ffff8d3c000 	C:\WINDOWS\SYSTEM32\dhcpcsvc.DLL
0x00007ff802b30000 - 0x00007ff802bf6000 	C:\WINDOWS\SYSTEM32\DNSAPI.dll
0x00007ffff95b0000 - 0x00007ffff95d4000 	C:\Program Files\Android\Android Studio1\jre\jre\bin\sunec.dll
0x00007ffff4dc0000 - 0x00007ffff4dca000 	C:\Windows\System32\rasadhlp.dll
0x00007fffee7b0000 - 0x00007fffee829000 	C:\WINDOWS\System32\fwpuclnt.dll
0x00007ffffeee0000 - 0x00007ffffeeeb000 	C:\Program Files\Android\Android Studio1\jre\jre\bin\sunmscapi.dll
0x00007ff803ab0000 - 0x00007ff803c8b000 	C:\WINDOWS\System32\CRYPT32.dll
0x00007ff803540000 - 0x00007ff803552000 	C:\WINDOWS\System32\MSASN1.dll

VM Arguments:
jvm_args: -Xmx2g -Dfile.encoding=windows-1252 -Duser.country=DE -Duser.language=de -Duser.variant 
java_command: org.gradle.launcher.daemon.bootstrap.GradleDaemon 5.1.1
java_class_path (initial): C:\Users\Win7 Pro x64\.gradle\wrapper\dists\gradle-5.1.1-all\97z1ksx6lirer3kbvdnh7jtjg\gradle-5.1.1\lib\gradle-launcher-5.1.1.jar
Launcher Type: SUN_STANDARD

Environment Variables:
PATH=C:\ProgramData\Oracle\Java\javapath;C:\Program Files\Common Files\Microsoft Shared\Windows Live;C:\Program Files (x86)\Common Files\Microsoft Shared\Windows Live;C:\WINDOWS\system32;C:\WINDOWS;C:\WINDOWS\System32\Wbem;C:\WINDOWS\System32\WindowsPowerShell\v1.0\;C:\Program Files (x86)\Windows Live\Shared;C:\Program Files\ThinkPad\Bluetooth Software\;C:\Program Files\ThinkPad\Bluetooth Software\syswow64;C:\Program Files (x86)\Intel\Services\IPT\;C:\Program Files (x86)\Intel\OpenCL SDK\2.0\bin\x86;C:\Program Files (x86)\Intel\OpenCL SDK\2.0\bin\x64;C:\Program Files (x86)\Common Files\Adobe\AGL;C:\Program Files\Git\cmd;c:\Program Files (x86)\Microsoft SQL Server\90\Tools\binn\;C:\WINDOWS\System32\OpenSSH\;C:\Program Files (x86)\Common Files\Propellerhead Software\ReWire\;C:\Program Files\Common Files\Propellerhead Software\ReWire\;C:\Program Files\FileBot\;C:\Users\Win7 Pro x64\AppData\Local\Microsoft\WindowsApps;C:\Users\Win7 Pro x64\AppData\Local\GitHubDesktop\bin;C:\Users\Win7 Pro x64\AppData\Local\Microsoft\WindowsApps;C:\Program Files\Java\jre1.8.0_121\bin;
USERNAME=Win7 Pro x64
OS=Windows_NT
PROCESSOR_IDENTIFIER=Intel64 Family 6 Model 42 Stepping 7, GenuineIntel



---------------  S Y S T E M  ---------------

OS: Windows 10.0 , 64 bit Build 17763 (10.0.17763.475)

CPU:total 4 (initial active 4) (2 cores per cpu, 2 threads per core) family 6 model 42 stepping 7, cmov, cx8, fxsr, mmx, sse, sse2, sse3, ssse3, sse4.1, sse4.2, popcnt, avx, aes, clmul, ht, tsc, tscinvbit

Memory: 4k page, physical 8269036k(973188k free), swap 9317612k(5128k free)

vm_info: OpenJDK 64-Bit Server VM (25.152-b01) for windows-amd64 JRE (1.8.0_152-release-1343-b01), built by "builder" with MS VC++ 10.0 (VS2010)

time: Wed Jul 17 19:54:43 2019
elapsed time: 268 seconds (0d 0h 4m 28s)

