#
# There is insufficient memory for the Java Runtime Environment to continue.
# Native memory allocation (malloc) failed to allocate 1052976 bytes for Chunk::new
# Possible reasons:
#   The system is out of physical RAM or swap space
#   In 32 bit mode, the process size limit was hit
# Possible solutions:
#   Reduce memory load on the system
#   Increase physical memory or swap space
#   Check if swap backing store is full
#   Use 64 bit Java on a 64 bit OS
#   Decrease Java heap size (-Xmx/-Xms)
#   Decrease number of Java threads
#   Decrease Java thread stack sizes (-Xss)
#   Set larger code cache with -XX:ReservedCodeCacheSize=
# This output file may be truncated or incomplete.
#
#  Out of Memory Error (allocation.cpp:390), pid=10984, tid=0x0000000000003504
#
# JRE version: OpenJDK Runtime Environment (8.0_152-b01) (build 1.8.0_152-release-1343-b01)
# Java VM: OpenJDK 64-Bit Server VM (25.152-b01 mixed mode windows-amd64 compressed oops)
# Failed to write core dump. Minidumps are not enabled by default on client versions of Windows
#

---------------  T H R E A D  ---------------

Current thread (0x0000000017658000):  JavaThread "C2 CompilerThread0" daemon [_thread_in_native, id=13572, stack(0x0000000018cf0000,0x0000000018df0000)]

Stack: [0x0000000018cf0000,0x0000000018df0000]
[error occurred during error reporting (printing stack bounds), id 0xc0000005]

Native frames: (J=compiled Java code, j=interpreted, Vv=VM code, C=native code)


Current CompileTask:
C2:  30129 9236       4       org.jetbrains.kotlin.resolve.calls.CallCompleter::completeCall (349 bytes)


---------------  P R O C E S S  ---------------

Java Threads: ( => current thread )
  0x0000000019021000 JavaThread "Service Thread" daemon [_thread_blocked, id=14124, stack(0x00000000193f0000,0x00000000194f0000)]
  0x0000000017665000 JavaThread "C1 CompilerThread2" daemon [_thread_blocked, id=14196, stack(0x0000000018ef0000,0x0000000018ff0000)]
  0x000000001765e000 JavaThread "C2 CompilerThread1" daemon [_thread_in_native, id=5312, stack(0x0000000018df0000,0x0000000018ef0000)]
=>0x0000000017658000 JavaThread "C2 CompilerThread0" daemon [_thread_in_native, id=13572, stack(0x0000000018cf0000,0x0000000018df0000)]
  0x0000000017656800 JavaThread "Attach Listener" daemon [_thread_blocked, id=10992, stack(0x0000000018bf0000,0x0000000018cf0000)]
  0x0000000017655000 JavaThread "Signal Dispatcher" daemon [_thread_blocked, id=7500, stack(0x0000000018af0000,0x0000000018bf0000)]
  0x0000000017640800 JavaThread "Finalizer" daemon [_thread_blocked, id=10716, stack(0x00000000188c0000,0x00000000189c0000)]
  0x0000000002b1b000 JavaThread "Reference Handler" daemon [_thread_blocked, id=8532, stack(0x00000000187c0000,0x00000000188c0000)]
  0x000000000291e000 JavaThread "main" [_thread_in_Java, id=15200, stack(0x0000000002920000,0x0000000002a20000)]

Other Threads:
  0x0000000017617000 VMThread [stack: 0x00000000186c0000,0x00000000187c0000] [id=12132]
  0x000000001902b000 WatcherThread [stack: 0x00000000194f0000,0x00000000195f0000] [id=1364]

VM state:not at safepoint (normal execution)

VM Mutex/Monitor currently owned by a thread: None

Heap:
 PSYoungGen      total 107008K, used 83446K [0x00000000d5f00000, 0x00000000de000000, 0x0000000100000000)
  eden space 85504K, 72% used [0x00000000d5f00000,0x00000000d9b809d0,0x00000000db280000)
  from space 21504K, 99% used [0x00000000db280000,0x00000000dc77cf10,0x00000000dc780000)
  to   space 17920K, 0% used [0x00000000dc780000,0x00000000dc780000,0x00000000dd900000)
 ParOldGen       total 129536K, used 47951K [0x0000000081c00000, 0x0000000089a80000, 0x00000000d5f00000)
  object space 129536K, 37% used [0x0000000081c00000,0x0000000084ad3fa8,0x0000000089a80000)
 Metaspace       used 54935K, capacity 56134K, committed 56232K, reserved 1097728K
  class space    used 6708K, capacity 7032K, committed 7088K, reserved 1048576K

Card table byte_map: [0x0000000011ee0000,0x00000000122e0000] byte_map_base: 0x0000000011ad2000

Marking Bits: (ParMarkBitMap*) 0x00000000718f5aa0
 Begin Bits: [0x0000000012990000, 0x0000000014920000)
 End Bits:   [0x0000000014920000, 0x00000000168b0000)

Polling page: 0x00000000007f0000

CodeCache: size=245760Kb used=29823Kb max_used=29823Kb free=215936Kb
 bounds [0x0000000002b20000, 0x0000000004860000, 0x0000000011b20000]
 total_blobs=8903 nmethods=8428 adapters=386
 compilation: enabled

Compilation events (10 events):
Event: 30.041 Thread 0x0000000017665000 9320       3       org.jetbrains.kotlin.resolve.calls.inference.constraintPosition.ConstraintPositionKind::position (84 bytes)
Event: 30.043 Thread 0x0000000017665000 nmethod 9320 0x000000000484f590 code [0x000000000484f780, 0x0000000004850228]
Event: 30.043 Thread 0x0000000017665000 9321       3       org.jetbrains.kotlin.resolve.calls.inference.constraintPosition.ConstraintPositionImpl::<init> (16 bytes)
Event: 30.044 Thread 0x0000000017665000 nmethod 9321 0x0000000004850610 code [0x0000000004850780, 0x0000000004850a28]
Event: 30.102 Thread 0x0000000017665000 9327       3       org.jetbrains.kotlin.resolve.calls.inference.ConstraintSystemImpl::toBuilder (670 bytes)
Event: 30.111 Thread 0x0000000017665000 nmethod 9327 0x0000000004850b50 code [0x0000000004851140, 0x0000000004855698]
Event: 30.111 Thread 0x0000000017665000 9328       3       java.util.HashMap$EntrySet::size (8 bytes)
Event: 30.112 Thread 0x0000000017665000 nmethod 9328 0x0000000004858610 code [0x0000000004858760, 0x00000000048588b0]
Event: 30.119 Thread 0x0000000017665000 9329       3       org.jetbrains.kotlin.resolve.calls.inference.TypeBounds$DefaultImpls::getValue (35 bytes)
Event: 30.122 Thread 0x0000000017665000 nmethod 9329 0x0000000004858950 code [0x0000000004858be0, 0x0000000004859ad8]

GC Heap History (10 events):
Event: 10.755 GC heap before
{Heap before GC invocations=7 (full 1):
 PSYoungGen      total 71680K, used 32014K [0x00000000d5f00000, 0x00000000dc180000, 0x0000000100000000)
  eden space 66560K, 40% used [0x00000000d5f00000,0x00000000d7944090,0x00000000da000000)
  from space 5120K, 99% used [0x00000000da000000,0x00000000da4ffb18,0x00000000da500000)
  to   space 16896K, 0% used [0x00000000db100000,0x00000000db100000,0x00000000dc180000)
 ParOldGen       total 66560K, used 22674K [0x0000000081c00000, 0x0000000085d00000, 0x00000000d5f00000)
  object space 66560K, 34% used [0x0000000081c00000,0x00000000832249d0,0x0000000085d00000)
 Metaspace       used 34741K, capacity 35322K, committed 35496K, reserved 1081344K
  class space    used 4374K, capacity 4508K, committed 4528K, reserved 1048576K
Event: 10.788 GC heap after
Heap after GC invocations=7 (full 1):
 PSYoungGen      total 84480K, used 11502K [0x00000000d5f00000, 0x00000000ddb80000, 0x0000000100000000)
  eden space 67584K, 0% used [0x00000000d5f00000,0x00000000d5f00000,0x00000000da100000)
  from space 16896K, 68% used [0x00000000db100000,0x00000000dbc3b988,0x00000000dc180000)
  to   space 16384K, 0% used [0x00000000da100000,0x00000000da100000,0x00000000db100000)
 ParOldGen       total 66560K, used 22682K [0x0000000081c00000, 0x0000000085d00000, 0x00000000d5f00000)
  object space 66560K, 34% used [0x0000000081c00000,0x00000000832269d0,0x0000000085d00000)
 Metaspace       used 34741K, capacity 35322K, committed 35496K, reserved 1081344K
  class space    used 4374K, capacity 4508K, committed 4528K, reserved 1048576K
}
Event: 10.788 GC heap before
{Heap before GC invocations=8 (full 2):
 PSYoungGen      total 84480K, used 11502K [0x00000000d5f00000, 0x00000000ddb80000, 0x0000000100000000)
  eden space 67584K, 0% used [0x00000000d5f00000,0x00000000d5f00000,0x00000000da100000)
  from space 16896K, 68% used [0x00000000db100000,0x00000000dbc3b988,0x00000000dc180000)
  to   space 16384K, 0% used [0x00000000da100000,0x00000000da100000,0x00000000db100000)
 ParOldGen       total 66560K, used 22682K [0x0000000081c00000, 0x0000000085d00000, 0x00000000d5f00000)
  object space 66560K, 34% used [0x0000000081c00000,0x00000000832269d0,0x0000000085d00000)
 Metaspace       used 34741K, capacity 35322K, committed 35496K, reserved 1081344K
  class space    used 4374K, capacity 4508K, committed 4528K, reserved 1048576K
Event: 11.065 GC heap after
Heap after GC invocations=8 (full 2):
 PSYoungGen      total 84480K, used 0K [0x00000000d5f00000, 0x00000000ddb80000, 0x0000000100000000)
  eden space 67584K, 0% used [0x00000000d5f00000,0x00000000d5f00000,0x00000000da100000)
  from space 16896K, 0% used [0x00000000db100000,0x00000000db100000,0x00000000dc180000)
  to   space 16384K, 0% used [0x00000000da100000,0x00000000da100000,0x00000000db100000)
 ParOldGen       total 129536K, used 29072K [0x0000000081c00000, 0x0000000089a80000, 0x00000000d5f00000)
  object space 129536K, 22% used [0x0000000081c00000,0x0000000083864190,0x0000000089a80000)
 Metaspace       used 34741K, capacity 35322K, committed 35496K, reserved 1081344K
  class space    used 4374K, capacity 4508K, committed 4528K, reserved 1048576K
}
Event: 14.457 GC heap before
{Heap before GC invocations=9 (full 2):
 PSYoungGen      total 84480K, used 67584K [0x00000000d5f00000, 0x00000000ddb80000, 0x0000000100000000)
  eden space 67584K, 100% used [0x00000000d5f00000,0x00000000da100000,0x00000000da100000)
  from space 16896K, 0% used [0x00000000db100000,0x00000000db100000,0x00000000dc180000)
  to   space 16384K, 0% used [0x00000000da100000,0x00000000da100000,0x00000000db100000)
 ParOldGen       total 129536K, used 29072K [0x0000000081c00000, 0x0000000089a80000, 0x00000000d5f00000)
  object space 129536K, 22% used [0x0000000081c00000,0x0000000083864190,0x0000000089a80000)
 Metaspace       used 43149K, capacity 43868K, committed 44200K, reserved 1087488K
  class space    used 5501K, capacity 5717K, committed 5808K, reserved 1048576K
Event: 14.502 GC heap after
Heap after GC invocations=9 (full 2):
 PSYoungGen      total 83968K, used 14311K [0x00000000d5f00000, 0x00000000dd900000, 0x0000000100000000)
  eden space 67584K, 0% used [0x00000000d5f00000,0x00000000d5f00000,0x00000000da100000)
  from space 16384K, 87% used [0x00000000da100000,0x00000000daef9c10,0x00000000db100000)
  to   space 17920K, 0% used [0x00000000dc780000,0x00000000dc780000,0x00000000dd900000)
 ParOldGen       total 129536K, used 29080K [0x0000000081c00000, 0x0000000089a80000, 0x00000000d5f00000)
  object space 129536K, 22% used [0x0000000081c00000,0x0000000083866190,0x0000000089a80000)
 Metaspace       used 43149K, capacity 43868K, committed 44200K, reserved 1087488K
  class space    used 5501K, capacity 5717K, committed 5808K, reserved 1048576K
}
Event: 18.870 GC heap before
{Heap before GC invocations=10 (full 2):
 PSYoungGen      total 83968K, used 81895K [0x00000000d5f00000, 0x00000000dd900000, 0x0000000100000000)
  eden space 67584K, 100% used [0x00000000d5f00000,0x00000000da100000,0x00000000da100000)
  from space 16384K, 87% used [0x00000000da100000,0x00000000daef9c10,0x00000000db100000)
  to   space 17920K, 0% used [0x00000000dc780000,0x00000000dc780000,0x00000000dd900000)
 ParOldGen       total 129536K, used 29080K [0x0000000081c00000, 0x0000000089a80000, 0x00000000d5f00000)
  object space 129536K, 22% used [0x0000000081c00000,0x0000000083866190,0x0000000089a80000)
 Metaspace       used 49725K, capacity 50696K, committed 50984K, reserved 1093632K
  class space    used 6338K, capacity 6601K, committed 6704K, reserved 1048576K
Event: 18.931 GC heap after
Heap after GC invocations=10 (full 2):
 PSYoungGen      total 103424K, used 17901K [0x00000000d5f00000, 0x00000000de000000, 0x0000000100000000)
  eden space 85504K, 0% used [0x00000000d5f00000,0x00000000d5f00000,0x00000000db280000)
  from space 17920K, 99% used [0x00000000dc780000,0x00000000dd8fb6f8,0x00000000dd900000)
  to   space 21504K, 0% used [0x00000000db280000,0x00000000db280000,0x00000000dc780000)
 ParOldGen       total 129536K, used 32722K [0x0000000081c00000, 0x0000000089a80000, 0x00000000d5f00000)
  object space 129536K, 25% used [0x0000000081c00000,0x0000000083bf4880,0x0000000089a80000)
 Metaspace       used 49725K, capacity 50696K, committed 50984K, reserved 1093632K
  class space    used 6338K, capacity 6601K, committed 6704K, reserved 1048576K
}
Event: 24.286 GC heap before
{Heap before GC invocations=11 (full 2):
 PSYoungGen      total 103424K, used 103186K [0x00000000d5f00000, 0x00000000de000000, 0x0000000100000000)
  eden space 85504K, 99% used [0x00000000d5f00000,0x00000000db249458,0x00000000db280000)
  from space 17920K, 99% used [0x00000000dc780000,0x00000000dd8fb6f8,0x00000000dd900000)
  to   space 21504K, 0% used [0x00000000db280000,0x00000000db280000,0x00000000dc780000)
 ParOldGen       total 129536K, used 32722K [0x0000000081c00000, 0x0000000089a80000, 0x00000000d5f00000)
  object space 129536K, 25% used [0x0000000081c00000,0x0000000083bf4880,0x0000000089a80000)
 Metaspace       used 52952K, capacity 54152K, committed 54312K, reserved 1097728K
  class space    used 6608K, capacity 6921K, committed 6960K, reserved 1048576K
Event: 24.408 GC heap after
Heap after GC invocations=11 (full 2):
 PSYoungGen      total 107008K, used 21491K [0x00000000d5f00000, 0x00000000de000000, 0x0000000100000000)
  eden space 85504K, 0% used [0x00000000d5f00000,0x00000000d5f00000,0x00000000db280000)
  from space 21504K, 99% used [0x00000000db280000,0x00000000dc77cf10,0x00000000dc780000)
  to   space 17920K, 0% used [0x00000000dc780000,0x00000000dc780000,0x00000000dd900000)
 ParOldGen       total 129536K, used 47951K [0x0000000081c00000, 0x0000000089a80000, 0x00000000d5f00000)
  object space 129536K, 37% used [0x0000000081c00000,0x0000000084ad3fa8,0x0000000089a80000)
 Metaspace       used 52952K, capacity 54152K, committed 54312K, reserved 1097728K
  class space    used 6608K, capacity 6921K, committed 6960K, reserved 1048576K
}

Deoptimization events (10 events):
Event: 28.312 Thread 0x000000000291e000 Uncommon trap: reason=bimorphic action=maybe_recompile pc=0x000000000327e058 method=gnu.trove.TIntObjectHashMap.insertionIndex(I)I @ 36
Event: 28.315 Thread 0x000000000291e000 Uncommon trap: reason=bimorphic action=maybe_recompile pc=0x00000000033a987c method=gnu.trove.TIntObjectHashMap.index(I)I @ 28
Event: 28.315 Thread 0x000000000291e000 Uncommon trap: reason=bimorphic action=maybe_recompile pc=0x00000000033a987c method=gnu.trove.TIntObjectHashMap.index(I)I @ 28
Event: 28.315 Thread 0x000000000291e000 Uncommon trap: reason=bimorphic action=maybe_recompile pc=0x00000000033a987c method=gnu.trove.TIntObjectHashMap.index(I)I @ 28
Event: 28.315 Thread 0x000000000291e000 Uncommon trap: reason=bimorphic action=maybe_recompile pc=0x00000000033a987c method=gnu.trove.TIntObjectHashMap.index(I)I @ 28
Event: 28.758 Thread 0x000000000291e000 Uncommon trap: reason=unstable_if action=reinterpret pc=0x000000000457d634 method=org.jetbrains.kotlin.types.KotlinTypeKt.isError(Lorg/jetbrains/kotlin/types/KotlinType;)Z @ 48
Event: 28.758 Thread 0x000000000291e000 Uncommon trap: reason=unstable_if action=reinterpret pc=0x000000000432f318 method=org.jetbrains.kotlin.types.KotlinTypeKt.isError(Lorg/jetbrains/kotlin/types/KotlinType;)Z @ 48
Event: 28.759 Thread 0x000000000291e000 Uncommon trap: reason=unstable_if action=reinterpret pc=0x000000000470e478 method=org.jetbrains.kotlin.types.KotlinTypeKt.isError(Lorg/jetbrains/kotlin/types/KotlinType;)Z @ 48
Event: 28.759 Thread 0x000000000291e000 Uncommon trap: reason=unstable_if action=reinterpret pc=0x000000000470e830 method=org.jetbrains.kotlin.types.KotlinTypeKt.isError(Lorg/jetbrains/kotlin/types/KotlinType;)Z @ 48
Event: 28.963 Thread 0x000000000291e000 Uncommon trap: reason=bimorphic action=maybe_recompile pc=0x00000000046d0518 method=org.jetbrains.kotlin.types.TypeConstructorSubstitution$Companion$createByConstructorsMap$1.isEmpty()Z @ 4

Classes redefined (0 events):
No events

Internal exceptions (10 events):
Event: 13.199 Thread 0x000000000291e000 Exception <a 'java/lang/NoSuchMethodError': java.lang.Object.lambda$static$0(I)[Lorg/jetbrains/kotlin/com/intellij/psi/PsiJavaCodeReferenceElement;> (0x00000000d8e927f0) thrown at [D:\src\AOSP-openjdk-cygwin\jdk8u\hotspot\src\share\vm\interpreter\linkReso
Event: 13.376 Thread 0x000000000291e000 Exception <a 'java/lang/NoSuchMethodError': java.lang.Object.lambda$static$0(I)[Lorg/jetbrains/kotlin/com/intellij/psi/PsiField;> (0x00000000d9173f88) thrown at [D:\src\AOSP-openjdk-cygwin\jdk8u\hotspot\src\share\vm\interpreter\linkResolver.cpp, line 584]
Event: 13.384 Thread 0x000000000291e000 Exception <a 'java/lang/NoSuchMethodError': java.lang.Object.lambda$static$0(I)[Lorg/jetbrains/kotlin/com/intellij/psi/PsiMethod;> (0x00000000d91861f8) thrown at [D:\src\AOSP-openjdk-cygwin\jdk8u\hotspot\src\share\vm\interpreter\linkResolver.cpp, line 584
Event: 15.079 Thread 0x000000000291e000 Exception <a 'java/lang/NoSuchMethodError': java.lang.Object.lambda$static$0(I)[Lorg/jetbrains/kotlin/com/intellij/psi/PsiParameter;> (0x00000000d6f275f8) thrown at [D:\src\AOSP-openjdk-cygwin\jdk8u\hotspot\src\share\vm\interpreter\linkResolver.cpp, line 
Event: 15.822 Thread 0x000000000291e000 Exception <a 'java/lang/NoSuchMethodError': java.lang.Object.lambda$static$0(I)[Lorg/jetbrains/kotlin/com/intellij/psi/PsiImportStatementBase;> (0x00000000d7c31c78) thrown at [D:\src\AOSP-openjdk-cygwin\jdk8u\hotspot\src\share\vm\interpreter\linkResolver.
Event: 20.358 Thread 0x000000000291e000 Exception <a 'java/lang/NoSuchMethodError': java.lang.Object.lambda$static$0(I)[Lorg/jetbrains/kotlin/com/intellij/psi/PsiNameValuePair;> (0x00000000d7550290) thrown at [D:\src\AOSP-openjdk-cygwin\jdk8u\hotspot\src\share\vm\interpreter\linkResolver.cpp, l
Event: 20.387 Thread 0x000000000291e000 Exception <a 'java/lang/NoSuchMethodError': java.lang.Object.lambda$static$0(I)[Lorg/jetbrains/kotlin/com/intellij/psi/PsiAnnotationMemberValue;> (0x00000000d756ac18) thrown at [D:\src\AOSP-openjdk-cygwin\jdk8u\hotspot\src\share\vm\interpreter\linkResolve
Event: 23.534 Thread 0x000000000291e000 Exception <a 'java/lang/IncompatibleClassChangeError': Found class java.lang.Object, but interface was expected> (0x00000000daa8f4c8) thrown at [D:\src\AOSP-openjdk-cygwin\jdk8u\hotspot\src\share\vm\interpreter\linkResolver.cpp, line 643]
Event: 25.907 Thread 0x000000000291e000 Implicit null exception at 0x0000000002dc1816 to 0x0000000002dc1ba5
Event: 25.938 Thread 0x000000000291e000 Implicit null exception at 0x0000000002d2c256 to 0x0000000002d2c5e1

Events (10 events):
Event: 29.005 loading class org/jetbrains/kotlin/contracts/model/functors/OrFunctor$invokeWithReturningEffects$conditionWhenFalse$1
Event: 29.005 loading class org/jetbrains/kotlin/contracts/model/functors/OrFunctor$invokeWithReturningEffects$conditionWhenFalse$1 done
Event: 29.006 loading class org/jetbrains/kotlin/contracts/model/functors/AndFunctor
Event: 29.006 loading class org/jetbrains/kotlin/contracts/model/functors/AndFunctor done
Event: 29.007 loading class org/jetbrains/kotlin/contracts/model/functors/AndFunctor$invokeWithReturningEffects$conditionWhenTrue$1
Event: 29.008 loading class org/jetbrains/kotlin/contracts/model/functors/AndFunctor$invokeWithReturningEffects$conditionWhenTrue$1 done
Event: 29.009 loading class org/jetbrains/kotlin/contracts/model/functors/AndFunctor$invokeWithReturningEffects$conditionWhenFalse$1
Event: 29.009 loading class org/jetbrains/kotlin/contracts/model/functors/AndFunctor$invokeWithReturningEffects$conditionWhenFalse$1 done
Event: 29.410 Executing VM operation: ForceSafepoint
Event: 29.411 Executing VM operation: ForceSafepoint done


Dynamic libraries:
0x00007ff650e60000 - 0x00007ff650e91000 	C:\Program Files\Android\Android Studio1\jre\jre\bin\java.exe
0x00007ff807510000 - 0x00007ff8076fd000 	C:\WINDOWS\SYSTEM32\ntdll.dll
0x00007ff806330000 - 0x00007ff8063e3000 	C:\WINDOWS\System32\KERNEL32.DLL
0x00007ff8035e0000 - 0x00007ff803873000 	C:\WINDOWS\System32\KERNELBASE.dll
0x00007ff8060b0000 - 0x00007ff806153000 	C:\WINDOWS\System32\ADVAPI32.dll
0x00007ff8068d0000 - 0x00007ff80696e000 	C:\WINDOWS\System32\msvcrt.dll
0x00007ff806f00000 - 0x00007ff806f9e000 	C:\WINDOWS\System32\sechost.dll
0x00007ff806ab0000 - 0x00007ff806bd2000 	C:\WINDOWS\System32\RPCRT4.dll
0x00007ff8049e0000 - 0x00007ff804b77000 	C:\WINDOWS\System32\USER32.dll
0x00007ff804700000 - 0x00007ff804720000 	C:\WINDOWS\System32\win32u.dll
0x00007ff804b80000 - 0x00007ff804ba9000 	C:\WINDOWS\System32\GDI32.dll
0x00007ff8043e0000 - 0x00007ff80457a000 	C:\WINDOWS\System32\gdi32full.dll
0x00007ff804660000 - 0x00007ff804700000 	C:\WINDOWS\System32\msvcp_win.dll
0x00007ff8038e0000 - 0x00007ff8039da000 	C:\WINDOWS\System32\ucrtbase.dll
0x00007ff8023c0000 - 0x00007ff802639000 	C:\WINDOWS\WinSxS\amd64_microsoft.windows.common-controls_6595b64144ccf1df_6.0.17763.557_none_05b63f68071e5b9f\COMCTL32.dll
0x00007ff807100000 - 0x00007ff80742c000 	C:\WINDOWS\System32\combase.dll
0x00007ff803a30000 - 0x00007ff803aae000 	C:\WINDOWS\System32\bcryptPrimitives.dll
0x00007ff806da0000 - 0x00007ff806dce000 	C:\WINDOWS\System32\IMM32.DLL
0x0000000072800000 - 0x00000000728d2000 	C:\Program Files\Android\Android Studio1\jre\jre\bin\msvcr100.dll
0x0000000071130000 - 0x0000000071971000 	C:\Program Files\Android\Android Studio1\jre\jre\bin\server\jvm.dll
0x00007ff806ef0000 - 0x00007ff806ef8000 	C:\WINDOWS\System32\PSAPI.DLL
0x00007ffffed80000 - 0x00007ffffeda4000 	C:\WINDOWS\SYSTEM32\WINMM.dll
0x00007ff8021b0000 - 0x00007ff8021ba000 	C:\WINDOWS\SYSTEM32\VERSION.dll
0x00007fffeb560000 - 0x00007fffeb569000 	C:\WINDOWS\SYSTEM32\WSOCK32.dll
0x00007ff806dd0000 - 0x00007ff806e3d000 	C:\WINDOWS\System32\WS2_32.dll
0x00007ffffed50000 - 0x00007ffffed7d000 	C:\WINDOWS\SYSTEM32\winmmbase.dll
0x00007ff8039e0000 - 0x00007ff803a2a000 	C:\WINDOWS\System32\cfgmgr32.dll
0x00007ff801920000 - 0x00007ff80192f000 	C:\Program Files\Android\Android Studio1\jre\jre\bin\verify.dll
0x00007ffffc460000 - 0x00007ffffc489000 	C:\Program Files\Android\Android Studio1\jre\jre\bin\java.dll
0x00007ff800870000 - 0x00007ff800886000 	C:\Program Files\Android\Android Studio1\jre\jre\bin\zip.dll
0x00007ff804bc0000 - 0x00007ff8060b0000 	C:\WINDOWS\System32\SHELL32.dll
0x00007ff807430000 - 0x00007ff8074d8000 	C:\WINDOWS\System32\shcore.dll
0x00007ff803c90000 - 0x00007ff8043da000 	C:\WINDOWS\System32\windows.storage.dll
0x00007ff803510000 - 0x00007ff803534000 	C:\WINDOWS\System32\profapi.dll
0x00007ff803580000 - 0x00007ff8035dd000 	C:\WINDOWS\System32\powrprof.dll
0x00007ff8048b0000 - 0x00007ff804902000 	C:\WINDOWS\System32\shlwapi.dll
0x00007ff803560000 - 0x00007ff803571000 	C:\WINDOWS\System32\kernel.appcore.dll
0x00007ff804720000 - 0x00007ff804737000 	C:\WINDOWS\System32\cryptsp.dll
0x00007ff800630000 - 0x00007ff80064a000 	C:\Program Files\Android\Android Studio1\jre\jre\bin\net.dll
0x00007ff802d90000 - 0x00007ff802df7000 	C:\WINDOWS\system32\mswsock.dll
0x00007ffffe650000 - 0x00007ffffe661000 	C:\Program Files\Android\Android Studio1\jre\jre\bin\nio.dll

VM Arguments:
java_command: org.jetbrains.kotlin.cli.jvm.K2JVMCompiler -Xallow-no-source-files -classpath C:\Users\Win7 Pro x64\.gradle\caches\modules-2\files-2.1\org.jetbrains.kotlin\kotlin-android-extensions-runtime\1.3.41\8d3d500e42bd74c17fa9586db8ca85c336979d02\kotlin-android-extensions-runtime-1.3.41.jar;C:\Users\Win7 Pro x64\.gradle\caches\modules-2\files-2.1\org.jetbrains.kotlin\kotlin-stdlib-jdk7\1.3.41\a1f331124ba069a09e964ad2640c36f140f2c758\kotlin-stdlib-jdk7-1.3.41.jar;C:\Users\Win7 Pro x64\.gradle\caches\transforms-2\files-2.1\dfabc85188a58bfa5dae9ea7e314e165\jetified-kotlin-reflect-1.3.41.jar;C:\Users\Win7 Pro x64\.gradle\caches\modules-2\files-2.1\org.jetbrains.kotlin\kotlin-stdlib\1.3.41\e24bd38de28a326cce8b1f0d61e809e9a92dad6a\kotlin-stdlib-1.3.41.jar;C:\Users\Win7 Pro x64\.gradle\caches\modules-2\files-2.1\org.jetbrains.kotlin\kotlin-stdlib-common\1.3.41\2ecf4aa059427d7186312fd1736afedf7972e7f7\kotlin-stdlib-common-1.3.41.jar;C:\Users\Win7 Pro x64\.gradle\caches\modules-2\files-2.1\org.jetbrains\annotations\13.0\919f0dfe192fb4e063e7dacadee7f8bb9a2672a9\annotations-13.0.jar;C:\Users\Win7 Pro x64\.gradle\caches\transforms-2\files-2.1\f725d8e49445dc090084b17518e66ac0\jars\classes.jar;C:\Users\Win7 Pro x64\.gradle\caches\transforms-2\files-2.1\b69a1957ddc7481753a0de1aa7139713\jars\classes.jar;C:\Users\Win7 Pro x64\.gradle\caches\transforms-2\files-2.1\80c9dc11779b8d8008acde3a62a97553\jars\classes.jar;C:\Users\Win7 Pro x64\.gradle\caches\transforms-2\files-2.1\3ad9905c2e77b4da13120eacb0ec36c7\jars\classes.jar;C:\Users\Win7 Pro x64\.gradle\caches\transforms-2\files-2.1\880404d2c41a2a81fd345e4e4da8120d\jars\classes.jar;C:\Users\Win7 Pro x64\.gradle\caches\transforms-2\files-2.1\def7ca9ba20b04bc45a2baff6b285788\jars\classes.jar;C:\Users\Win7 Pro x64\.gradle\caches\transforms-2\files-2.1\f245faa5a671159529cfe2b2b8d5498f\jars\classes.jar;C:\Users\Win7 Pro x64\.gradle\caches\transforms-2\files-2.1\843028596c430bf6bebb27fa2bb42431\jars\classes.jar;C:\Users\Win7 Pro x64\.g
java_class_path (initial): C:\Users\Win7 Pro x64\.gradle\caches\modules-2\files-2.1\org.jetbrains.kotlin\kotlin-compiler-embeddable\1.3.41\6b1d4385d65894e07a0d14a5949f5417a408f0b7\kotlin-compiler-embeddable-1.3.41.jar;C:\Users\Win7 Pro x64\.gradle\caches\modules-2\files-2.1\org.jetbrains.kotlin\kotlin-reflect\1.3.41\8fb58b8954661de666e321478bf4178c18ce8018\kotlin-reflect-1.3.41.jar;C:\Users\Win7 Pro x64\.gradle\caches\modules-2\files-2.1\org.jetbrains.kotlin\kotlin-stdlib\1.3.41\e24bd38de28a326cce8b1f0d61e809e9a92dad6a\kotlin-stdlib-1.3.41.jar;C:\Users\Win7 Pro x64\.gradle\caches\modules-2\files-2.1\org.jetbrains.kotlin\kotlin-script-runtime\1.3.41\bcc3380041bbba171119c22d7024961b60da69e0\kotlin-script-runtime-1.3.41.jar;C:\Users\Win7 Pro x64\.gradle\caches\modules-2\files-2.1\org.jetbrains.intellij.deps\trove4j\1.0.20181211\216c2e14b070f334479d800987affe4054cd563f\trove4j-1.0.20181211.jar;C:\Users\Win7 Pro x64\.gradle\caches\modules-2\files-2.1\org.jetbrains.kotlin\kotlin-stdlib-common\1.3.41\2ecf4aa059427d7186312fd1736afedf7972e7f7\kotlin-stdlib-common-1.3.41.jar;C:\Users\Win7 Pro x64\.gradle\caches\modules-2\files-2.1\org.jetbrains\annotations\13.0\919f0dfe192fb4e063e7dacadee7f8bb9a2672a9\annotations-13.0.jar;C:\Program Files\Android\Android Studio1\jre\lib\tools.jar
Launcher Type: SUN_STANDARD

Environment Variables:
PATH=C:\ProgramData\Oracle\Java\javapath;C:\Program Files\Common Files\Microsoft Shared\Windows Live;C:\Program Files (x86)\Common Files\Microsoft Shared\Windows Live;C:\WINDOWS\system32;C:\WINDOWS;C:\WINDOWS\System32\Wbem;C:\WINDOWS\System32\WindowsPowerShell\v1.0\;C:\Program Files (x86)\Windows Live\Shared;C:\Program Files\ThinkPad\Bluetooth Software\;C:\Program Files\ThinkPad\Bluetooth Software\syswow64;C:\Program Files (x86)\Intel\Services\IPT\;C:\Program Files (x86)\Intel\OpenCL SDK\2.0\bin\x86;C:\Program Files (x86)\Intel\OpenCL SDK\2.0\bin\x64;C:\Program Files (x86)\Common Files\Adobe\AGL;C:\Program Files\Git\cmd;c:\Program Files (x86)\Microsoft SQL Server\90\Tools\binn\;C:\WINDOWS\System32\OpenSSH\;C:\Program Files (x86)\Common Files\Propellerhead Software\ReWire\;C:\Program Files\Common Files\Propellerhead Software\ReWire\;C:\Program Files\FileBot\;C:\Users\Win7 Pro x64\AppData\Local\Microsoft\WindowsApps;C:\Users\Win7 Pro x64\AppData\Local\GitHubDesktop\bin;C:\Users\Win7 Pro x64\AppData\Local\Microsoft\WindowsApps;C:\Program Files\Java\jre1.8.0_121\bin;
USERNAME=Win7 Pro x64
OS=Windows_NT
PROCESSOR_IDENTIFIER=Intel64 Family 6 Model 42 Stepping 7, GenuineIntel



---------------  S Y S T E M  ---------------

OS: Windows 10.0 , 64 bit Build 17763 (10.0.17763.475)

CPU:total 4 (initial active 4) (2 cores per cpu, 2 threads per core) family 6 model 42 stepping 7, cmov, cx8, fxsr, mmx, sse, sse2, sse3, ssse3, sse4.1, sse4.2, popcnt, avx, aes, clmul, ht, tsc, tscinvbit

Memory: 4k page, physical 8269036k(854976k free), swap 9317612k(5372k free)

vm_info: OpenJDK 64-Bit Server VM (25.152-b01) for windows-amd64 JRE (1.8.0_152-release-1343-b01), built by "builder" with MS VC++ 10.0 (VS2010)

time: Wed Jul 17 18:19:27 2019
elapsed time: 30 seconds (0d 0h 0m 30s)

