#
# There is insufficient memory for the Java Runtime Environment to continue.
# Native memory allocation (malloc) failed to allocate 32744 bytes for ChunkPool::allocate
# Possible reasons:
#   The system is out of physical RAM or swap space
#   In 32 bit mode, the process size limit was hit
# Possible solutions:
#   Reduce memory load on the system
#   Increase physical memory or swap space
#   Check if swap backing store is full
#   Use 64 bit Java on a 64 bit OS
#   Decrease Java heap size (-Xmx/-Xms)
#   Decrease number of Java threads
#   Decrease Java thread stack sizes (-Xss)
#   Set larger code cache with -XX:ReservedCodeCacheSize=
# This output file may be truncated or incomplete.
#
#  Out of Memory Error (allocation.cpp:273), pid=19080, tid=0x0000000000003218
#
# JRE version: OpenJDK Runtime Environment (8.0_152-b01) (build 1.8.0_152-release-1343-b01)
# Java VM: OpenJDK 64-Bit Server VM (25.152-b01 mixed mode windows-amd64 compressed oops)
# Failed to write core dump. Minidumps are not enabled by default on client versions of Windows
#

---------------  T H R E A D  ---------------

Current thread (0x0000000017abc000):  JavaThread "C2 CompilerThread0" daemon [_thread_in_native, id=12824, stack(0x0000000019150000,0x0000000019250000)]

Stack: [0x0000000019150000,0x0000000019250000]
[error occurred during error reporting (printing stack bounds), id 0xc0000005]

Native frames: (J=compiled Java code, j=interpreted, Vv=VM code, C=native code)


Current CompileTask:
C2: 852447 31364 %     4       org.objectweb.asm.ClassReader::readCode @ 2165 (5089 bytes)


---------------  P R O C E S S  ---------------

Java Threads: ( => current thread )
  0x000000001f7f4800 JavaThread "RMI TCP Connection(5)-127.0.0.1" daemon [_thread_in_native, id=17648, stack(0x0000000036380000,0x0000000036480000)]
  0x000000001f7f1800 JavaThread "RMI RenewClean-[127.0.0.1:17234,org.jetbrains.kotlin.daemon.common.LoopbackNetworkInterface$ClientLoopbackSocketFactory@69404d82]" daemon [_thread_blocked, id=17460, stack(0x0000000036280000,0x0000000036380000)]
  0x0000000019608000 JavaThread "stdout" [_thread_in_native, id=3440, stack(0x0000000036080000,0x0000000036180000)]
  0x000000001960a800 JavaThread "stderr" [_thread_in_native, id=2316, stack(0x0000000035f80000,0x0000000036080000)]
  0x0000000019609800 JavaThread "pool-12-thread-1" [_thread_blocked, id=14360, stack(0x0000000035e80000,0x0000000035f80000)]
  0x0000000019607800 JavaThread "Cache worker for execution history cache (D:\Documents\AndroidAPS-dev\.gradle\5.1.1\executionHistory)" [_thread_blocked, id=10372, stack(0x0000000035b80000,0x0000000035c80000)]
  0x000000001f09c800 JavaThread "Execution worker for ':' Thread 3" [_thread_blocked, id=14968, stack(0x0000000035a80000,0x0000000035b80000)]
  0x000000001f09e800 JavaThread "Execution worker for ':' Thread 2" [_thread_in_vm, id=17284, stack(0x0000000035980000,0x0000000035a80000)]
  0x000000001f09e000 JavaThread "Execution worker for ':'" [_thread_blocked, id=1368, stack(0x0000000035880000,0x0000000035980000)]
  0x000000001f09b800 JavaThread "Cache worker for file content cache (D:\Documents\AndroidAPS-dev\.gradle\5.1.1\fileContent)" [_thread_blocked, id=19408, stack(0x0000000035780000,0x0000000035880000)]
  0x000000001f093800 JavaThread "Cache worker for Build Output Cleanup Cache (D:\Documents\AndroidAPS-dev\.gradle\buildOutputCleanup)" [_thread_blocked, id=18312, stack(0x0000000035380000,0x0000000035480000)]
  0x000000001f099800 JavaThread "Build operations Thread 4" [_thread_blocked, id=16344, stack(0x0000000035280000,0x0000000035380000)]
  0x000000001f092800 JavaThread "Build operations Thread 3" [_thread_blocked, id=20252, stack(0x0000000035180000,0x0000000035280000)]
  0x000000001f096800 JavaThread "Build operations Thread 2" [_thread_blocked, id=20224, stack(0x0000000035080000,0x0000000035180000)]
  0x000000001f098000 JavaThread "Build operations" [_thread_blocked, id=20168, stack(0x0000000034f80000,0x0000000035080000)]
  0x000000001f092000 JavaThread "Cache worker for cache directory md-rule (C:\Users\Win7 Pro x64\.gradle\caches\5.1.1\md-rule)" [_thread_blocked, id=19884, stack(0x0000000034e80000,0x0000000034f80000)]
  0x000000001f094000 JavaThread "Cache worker for cache directory md-supplier (C:\Users\Win7 Pro x64\.gradle\caches\5.1.1\md-supplier)" [_thread_blocked, id=4984, stack(0x0000000034d80000,0x0000000034e80000)]
  0x000000001dd34000 JavaThread "Cache worker for file hash cache (D:\Documents\AndroidAPS-dev\.gradle\5.1.1\fileHashes)" [_thread_blocked, id=17728, stack(0x0000000034c80000,0x0000000034d80000)]
  0x000000001dd37000 JavaThread "Thread-117" [_thread_blocked, id=18284, stack(0x0000000034b80000,0x0000000034c80000)]
  0x000000001dd32800 JavaThread "Asynchronous log dispatcher for DefaultDaemonConnection: socket connection from /127.0.0.1:55973 to /127.0.0.1:56086" [_thread_blocked, id=16820, stack(0x0000000034980000,0x0000000034a80000)]
  0x000000001dd32000 JavaThread "Cancel handler" [_thread_blocked, id=19548, stack(0x0000000034880000,0x0000000034980000)]
  0x000000001dd2f800 JavaThread "Handler for socket connection from /127.0.0.1:55973 to /127.0.0.1:56086" [_thread_in_native, id=18700, stack(0x0000000034780000,0x0000000034880000)]
  0x000000001dd35800 JavaThread "RMI RenewClean-[127.0.0.1:17835,org.jetbrains.kotlin.daemon.common.LoopbackNetworkInterface$ClientLoopbackSocketFactory@6801ac71]" daemon [_thread_blocked, id=320, stack(0x0000000034280000,0x0000000034380000)]
  0x000000001f7f3800 JavaThread "Daemon worker Thread 4" [_thread_blocked, id=11236, stack(0x0000000032980000,0x0000000032a80000)]
  0x000000001f7f5000 JavaThread "Daemon Thread 4" [_thread_blocked, id=2240, stack(0x0000000032680000,0x0000000032780000)]
  0x00000000227f0800 JavaThread "RMI Reaper" [_thread_blocked, id=11196, stack(0x0000000032280000,0x0000000032380000)]
  0x00000000227f0000 JavaThread "RMI TCP Accept-0" daemon [_thread_in_native, id=11296, stack(0x0000000032180000,0x0000000032280000)]
  0x00000000227ef000 JavaThread "GC Daemon" daemon [_thread_blocked, id=9172, stack(0x0000000032080000,0x0000000032180000)]
  0x00000000227e4000 JavaThread "RMI Scheduler(0)" daemon [_thread_blocked, id=18292, stack(0x0000000031e80000,0x0000000031f80000)]
  0x000000001960b000 JavaThread "Cache worker for Java compile cache (C:\Users\Win7 Pro x64\.gradle\caches\5.1.1\javaCompile)" [_thread_blocked, id=17780, stack(0x000000002d100000,0x000000002d200000)]
  0x000000001f09d000 JavaThread "Cache worker for file content cache (C:\Users\Win7 Pro x64\.gradle\caches\5.1.1\fileContent)" [_thread_blocked, id=9308, stack(0x000000002c000000,0x000000002c100000)]
  0x000000001f7fa800 JavaThread "Memory manager" [_thread_blocked, id=15988, stack(0x00000000249e0000,0x0000000024ae0000)]
  0x000000001f7ed000 JavaThread "Cache worker for execution history cache (C:\Users\Win7 Pro x64\.gradle\caches\5.1.1\executionHistory)" [_thread_blocked, id=14672, stack(0x0000000021780000,0x0000000021880000)]
  0x000000001b6b3000 JavaThread "Cache worker for journal cache (C:\Users\Win7 Pro x64\.gradle\caches\journal-1)" [_thread_blocked, id=14804, stack(0x000000001d5a0000,0x000000001d6a0000)]
  0x000000001b6b4000 JavaThread "File lock request listener" [_thread_in_native, id=1020, stack(0x000000001d4a0000,0x000000001d5a0000)]
  0x000000001b50f000 JavaThread "Cache worker for file hash cache (C:\Users\Win7 Pro x64\.gradle\caches\5.1.1\fileHashes)" [_thread_blocked, id=3944, stack(0x000000001d3a0000,0x000000001d4a0000)]
  0x000000001a386000 JavaThread "Daemon periodic checks" [_thread_blocked, id=20464, stack(0x000000001c9a0000,0x000000001caa0000)]
  0x000000001aa3b800 JavaThread "Incoming local TCP Connector on port 55973" [_thread_in_native, id=3308, stack(0x000000001c730000,0x000000001c830000)]
  0x0000000019478800 JavaThread "Service Thread" daemon [_thread_blocked, id=17820, stack(0x0000000019850000,0x0000000019950000)]
  0x0000000017ad3800 JavaThread "C1 CompilerThread2" daemon [_thread_blocked, id=20120, stack(0x0000000019350000,0x0000000019450000)]
  0x0000000017ac2000 JavaThread "C2 CompilerThread1" daemon [_thread_in_native, id=7876, stack(0x0000000019250000,0x0000000019350000)]
=>0x0000000017abc000 JavaThread "C2 CompilerThread0" daemon [_thread_in_native, id=12824, stack(0x0000000019150000,0x0000000019250000)]
  0x0000000017aba800 JavaThread "Attach Listener" daemon [_thread_blocked, id=20240, stack(0x0000000019050000,0x0000000019150000)]
  0x0000000017ab9000 JavaThread "Signal Dispatcher" daemon [_thread_blocked, id=20008, stack(0x0000000018f50000,0x0000000019050000)]
  0x0000000002e9b800 JavaThread "Finalizer" daemon [_thread_blocked, id=7068, stack(0x0000000018d20000,0x0000000018e20000)]
  0x0000000002e90800 JavaThread "Reference Handler" daemon [_thread_blocked, id=14292, stack(0x0000000018c20000,0x0000000018d20000)]
  0x0000000002da2800 JavaThread "main" [_thread_blocked, id=14516, stack(0x0000000002ca0000,0x0000000002da0000)]

Other Threads:
  0x0000000017a87000 VMThread [stack: 0x0000000018b20000,0x0000000018c20000] [id=18708]
  0x000000001947a000 WatcherThread [stack: 0x0000000019950000,0x0000000019a50000] [id=20420]

VM state:not at safepoint (normal execution)

VM Mutex/Monitor currently owned by a thread: None

Heap:
 PSYoungGen      total 531968K, used 399593K [0x00000000d5580000, 0x0000000100000000, 0x0000000100000000)
  eden space 403968K, 67% used [0x00000000d5580000,0x00000000e6014ee0,0x00000000ee000000)
  from space 128000K, 98% used [0x00000000f8300000,0x00000000ffea57a8,0x0000000100000000)
  to   space 147456K, 0% used [0x00000000ee000000,0x00000000ee000000,0x00000000f7000000)
 ParOldGen       total 294912K, used 217221K [0x0000000080000000, 0x0000000092000000, 0x00000000d5580000)
  object space 294912K, 73% used [0x0000000080000000,0x000000008d421508,0x0000000092000000)
 Metaspace       used 117736K, capacity 124652K, committed 124824K, reserved 1157120K
  class space    used 14880K, capacity 16201K, committed 16296K, reserved 1048576K

Card table byte_map: [0x0000000012260000,0x0000000012670000] byte_map_base: 0x0000000011e60000

Marking Bits: (ParMarkBitMap*) 0x0000000077d35aa0
 Begin Bits: [0x0000000012d20000, 0x0000000014d20000)
 End Bits:   [0x0000000014d20000, 0x0000000016d20000)

Polling page: 0x0000000000ef0000

CodeCache: size=245760Kb used=81776Kb max_used=81776Kb free=163983Kb
 bounds [0x0000000002ea0000, 0x0000000007ef0000, 0x0000000011ea0000]
 total_blobs=24396 nmethods=23455 adapters=851
 compilation: enabled

Compilation events (10 events):
Event: 852.386 Thread 0x0000000017ac2000 nmethod 31437 0x0000000007ed4e10 code [0x0000000007ed4f40, 0x0000000007ed5018]
Event: 852.388 Thread 0x0000000017ac2000 31438       4       org.gradle.api.internal.tasks.compile.ApiMemberSelector::visitAnnotationMembers (90 bytes)
Event: 852.398 Thread 0x0000000017ad3800 31441       3       org.objectweb.asm.ClassWriter::visitMethod (57 bytes)
Event: 852.398 Thread 0x0000000017ad3800 nmethod 31441 0x0000000007ee2b50 code [0x0000000007ee2cc0, 0x0000000007ee2fa8]
Event: 852.398 Thread 0x0000000017ad3800 31443       3       org.objectweb.asm.MethodWriter::computeMethodInfoSize (704 bytes)
Event: 852.402 Thread 0x0000000017ad3800 nmethod 31443 0x0000000007ee9c10 code [0x0000000007ee9f80, 0x0000000007eebe18]
Event: 852.402 Thread 0x0000000017ad3800 31442       3       org.objectweb.asm.MethodWriter::<init> (232 bytes)
Event: 852.403 Thread 0x0000000017ad3800 nmethod 31442 0x0000000007ee84d0 code [0x0000000007ee8700, 0x0000000007ee9578]
Event: 852.427 Thread 0x0000000017ad3800 31444       3       org.objectweb.asm.MethodVisitor::visitTryCatchBlock (20 bytes)
Event: 852.428 Thread 0x0000000017ad3800 nmethod 31444 0x0000000007ee2690 code [0x0000000007ee2800, 0x0000000007ee2a68]

GC Heap History (10 events):
Event: 484.227 GC heap before
{Heap before GC invocations=34 (full 4):
 PSYoungGen      total 628224K, used 628220K [0x00000000d5580000, 0x0000000100000000, 0x0000000100000000)
  eden space 557568K, 100% used [0x00000000d5580000,0x00000000f7600000,0x00000000f7600000)
  from space 70656K, 99% used [0x00000000f7600000,0x00000000fbaff000,0x00000000fbb00000)
  to   space 70656K, 0% used [0x00000000fbb00000,0x00000000fbb00000,0x0000000100000000)
 ParOldGen       total 294912K, used 166542K [0x0000000080000000, 0x0000000092000000, 0x00000000d5580000)
  object space 294912K, 56% used [0x0000000080000000,0x000000008a2a3848,0x0000000092000000)
 Metaspace       used 113041K, capacity 119270K, committed 119448K, reserved 1153024K
  class space    used 14297K, capacity 15510K, committed 15528K, reserved 1048576K
Event: 484.330 GC heap after
Heap after GC invocations=34 (full 4):
 PSYoungGen      total 580096K, used 62882K [0x00000000d5580000, 0x0000000100000000, 0x0000000100000000)
  eden space 509440K, 0% used [0x00000000d5580000,0x00000000d5580000,0x00000000f4700000)
  from space 70656K, 88% used [0x00000000fbb00000,0x00000000ff868880,0x0000000100000000)
  to   space 94720K, 0% used [0x00000000f4700000,0x00000000f4700000,0x00000000fa380000)
 ParOldGen       total 294912K, used 169921K [0x0000000080000000, 0x0000000092000000, 0x00000000d5580000)
  object space 294912K, 57% used [0x0000000080000000,0x000000008a5f06e8,0x0000000092000000)
 Metaspace       used 113041K, capacity 119270K, committed 119448K, reserved 1153024K
  class space    used 14297K, capacity 15510K, committed 15528K, reserved 1048576K
}
Event: 492.443 GC heap before
{Heap before GC invocations=35 (full 4):
 PSYoungGen      total 580096K, used 572322K [0x00000000d5580000, 0x0000000100000000, 0x0000000100000000)
  eden space 509440K, 100% used [0x00000000d5580000,0x00000000f4700000,0x00000000f4700000)
  from space 70656K, 88% used [0x00000000fbb00000,0x00000000ff868880,0x0000000100000000)
  to   space 94720K, 0% used [0x00000000f4700000,0x00000000f4700000,0x00000000fa380000)
 ParOldGen       total 294912K, used 169921K [0x0000000080000000, 0x0000000092000000, 0x00000000d5580000)
  object space 294912K, 57% used [0x0000000080000000,0x000000008a5f06e8,0x0000000092000000)
 Metaspace       used 114232K, capacity 120602K, committed 120728K, reserved 1155072K
  class space    used 14459K, capacity 15684K, committed 15784K, reserved 1048576K
Event: 492.619 GC heap after
Heap after GC invocations=35 (full 4):
 PSYoungGen      total 604160K, used 94695K [0x00000000d5580000, 0x0000000100000000, 0x0000000100000000)
  eden space 509440K, 0% used [0x00000000d5580000,0x00000000d5580000,0x00000000f4700000)
  from space 94720K, 99% used [0x00000000f4700000,0x00000000fa379e40,0x00000000fa380000)
  to   space 94720K, 0% used [0x00000000fa380000,0x00000000fa380000,0x0000000100000000)
 ParOldGen       total 294912K, used 199675K [0x0000000080000000, 0x0000000092000000, 0x00000000d5580000)
  object space 294912K, 67% used [0x0000000080000000,0x000000008c2fec68,0x0000000092000000)
 Metaspace       used 114232K, capacity 120602K, committed 120728K, reserved 1155072K
  class space    used 14459K, capacity 15684K, committed 15784K, reserved 1048576K
}
Event: 704.903 GC heap before
{Heap before GC invocations=36 (full 4):
 PSYoungGen      total 604160K, used 604135K [0x00000000d5580000, 0x0000000100000000, 0x0000000100000000)
  eden space 509440K, 100% used [0x00000000d5580000,0x00000000f4700000,0x00000000f4700000)
  from space 94720K, 99% used [0x00000000f4700000,0x00000000fa379e40,0x00000000fa380000)
  to   space 94720K, 0% used [0x00000000fa380000,0x00000000fa380000,0x0000000100000000)
 ParOldGen       total 294912K, used 199675K [0x0000000080000000, 0x0000000092000000, 0x00000000d5580000)
  object space 294912K, 67% used [0x0000000080000000,0x000000008c2fec68,0x0000000092000000)
 Metaspace       used 116380K, capacity 122920K, committed 123032K, reserved 1157120K
  class space    used 14761K, capacity 16033K, committed 16040K, reserved 1048576K
Event: 705.036 GC heap after
Heap after GC invocations=36 (full 4):
 PSYoungGen      total 545792K, used 75539K [0x00000000d5580000, 0x0000000100000000, 0x0000000100000000)
  eden space 451072K, 0% used [0x00000000d5580000,0x00000000d5580000,0x00000000f0e00000)
  from space 94720K, 79% used [0x00000000fa380000,0x00000000fed44e08,0x0000000100000000)
  to   space 123904K, 0% used [0x00000000f0e00000,0x00000000f0e00000,0x00000000f8700000)
 ParOldGen       total 294912K, used 217205K [0x0000000080000000, 0x0000000092000000, 0x00000000d5580000)
  object space 294912K, 73% used [0x0000000080000000,0x000000008d41d508,0x0000000092000000)
 Metaspace       used 116380K, capacity 122920K, committed 123032K, reserved 1157120K
  class space    used 14761K, capacity 16033K, committed 16040K, reserved 1048576K
}
Event: 715.711 GC heap before
{Heap before GC invocations=37 (full 4):
 PSYoungGen      total 545792K, used 526611K [0x00000000d5580000, 0x0000000100000000, 0x0000000100000000)
  eden space 451072K, 100% used [0x00000000d5580000,0x00000000f0e00000,0x00000000f0e00000)
  from space 94720K, 79% used [0x00000000fa380000,0x00000000fed44e08,0x0000000100000000)
  to   space 123904K, 0% used [0x00000000f0e00000,0x00000000f0e00000,0x00000000f8700000)
 ParOldGen       total 294912K, used 217205K [0x0000000080000000, 0x0000000092000000, 0x00000000d5580000)
  object space 294912K, 73% used [0x0000000080000000,0x000000008d41d508,0x0000000092000000)
 Metaspace       used 116701K, capacity 123346K, committed 123416K, reserved 1157120K
  class space    used 14795K, capacity 16098K, committed 16168K, reserved 1048576K
Event: 715.810 GC heap after
Heap after GC invocations=37 (full 4):
 PSYoungGen      total 531968K, used 80525K [0x00000000d5580000, 0x0000000100000000, 0x0000000100000000)
  eden space 451072K, 0% used [0x00000000d5580000,0x00000000d5580000,0x00000000f0e00000)
  from space 80896K, 99% used [0x00000000f0e00000,0x00000000f5ca36f0,0x00000000f5d00000)
  to   space 128000K, 0% used [0x00000000f8300000,0x00000000f8300000,0x0000000100000000)
 ParOldGen       total 294912K, used 217213K [0x0000000080000000, 0x0000000092000000, 0x00000000d5580000)
  object space 294912K, 73% used [0x0000000080000000,0x000000008d41f508,0x0000000092000000)
 Metaspace       used 116701K, capacity 123346K, committed 123416K, reserved 1157120K
  class space    used 14795K, capacity 16098K, committed 16168K, reserved 1048576K
}
Event: 794.304 GC heap before
{Heap before GC invocations=38 (full 4):
 PSYoungGen      total 531968K, used 531597K [0x00000000d5580000, 0x0000000100000000, 0x0000000100000000)
  eden space 451072K, 100% used [0x00000000d5580000,0x00000000f0e00000,0x00000000f0e00000)
  from space 80896K, 99% used [0x00000000f0e00000,0x00000000f5ca36f0,0x00000000f5d00000)
  to   space 128000K, 0% used [0x00000000f8300000,0x00000000f8300000,0x0000000100000000)
 ParOldGen       total 294912K, used 217213K [0x0000000080000000, 0x0000000092000000, 0x00000000d5580000)
  object space 294912K, 73% used [0x0000000080000000,0x000000008d41f508,0x0000000092000000)
 Metaspace       used 117423K, capacity 124320K, committed 124568K, reserved 1157120K
  class space    used 14861K, capacity 16199K, committed 16296K, reserved 1048576K
Event: 794.518 GC heap after
Heap after GC invocations=38 (full 4):
 PSYoungGen      total 531968K, used 126613K [0x00000000d5580000, 0x0000000100000000, 0x0000000100000000)
  eden space 403968K, 0% used [0x00000000d5580000,0x00000000d5580000,0x00000000ee000000)
  from space 128000K, 98% used [0x00000000f8300000,0x00000000ffea57a8,0x0000000100000000)
  to   space 147456K, 0% used [0x00000000ee000000,0x00000000ee000000,0x00000000f7000000)
 ParOldGen       total 294912K, used 217221K [0x0000000080000000, 0x0000000092000000, 0x00000000d5580000)
  object space 294912K, 73% used [0x0000000080000000,0x000000008d421508,0x0000000092000000)
 Metaspace       used 117423K, capacity 124320K, committed 124568K, reserved 1157120K
  class space    used 14861K, capacity 16199K, committed 16296K, reserved 1048576K
}

Deoptimization events (10 events):
Event: 851.988 Thread 0x0000000019607800 Uncommon trap: reason=bimorphic action=maybe_recompile pc=0x0000000005fb974c method=org.gradle.cache.internal.btree.FileBackedBlockStore$BlockImpl.write()V @ 29
Event: 852.080 Thread 0x000000001f09e800 Uncommon trap: reason=unstable_if action=reinterpret pc=0x00000000054693b8 method=java.util.zip.ZipInputStream.closeEntry()V @ 19
Event: 852.095 Thread 0x000000001f09e800 Uncommon trap: reason=unstable_if action=reinterpret pc=0x0000000003492f20 method=org.objectweb.asm.ClassReader.readUtf(II[C)Ljava/lang/String; @ 41
Event: 852.097 Thread 0x000000001f09e800 Uncommon trap: reason=unstable_if action=reinterpret pc=0x0000000003e7c254 method=org.objectweb.asm.MethodWriter.visitLabel(Lorg/objectweb/asm/Label;)V @ 238
Event: 852.097 Thread 0x000000001f09e800 Uncommon trap: reason=unstable_if action=reinterpret pc=0x00000000041afb38 method=org.objectweb.asm.MethodWriter.visitInsn(I)V @ 32
Event: 852.097 Thread 0x000000001f09e800 Uncommon trap: reason=unstable_if action=reinterpret pc=0x0000000003c8520c method=org.objectweb.asm.MethodWriter.visitMethodInsn(ILjava/lang/String;Ljava/lang/String;Ljava/lang/String;Z)V @ 89
Event: 852.098 Thread 0x000000001f09e800 Uncommon trap: reason=unstable_if action=reinterpret pc=0x00000000043278c0 method=org.objectweb.asm.ClassReader.readUtf(II[C)Ljava/lang/String; @ 41
Event: 852.396 Thread 0x000000001f09e800 Uncommon trap: reason=unstable_if action=reinterpret pc=0x0000000007e78990 method=org.objectweb.asm.MethodWriter.<init>(Lorg/objectweb/asm/SymbolTable;ILjava/lang/String;Ljava/lang/String;Ljava/lang/String;[Ljava/lang/String;I)V @ 100
Event: 852.396 Thread 0x000000001f09e800 Uncommon trap: reason=unstable_if action=reinterpret pc=0x0000000007e8f3f8 method=org.objectweb.asm.MethodWriter.<init>(Lorg/objectweb/asm/SymbolTable;ILjava/lang/String;Ljava/lang/String;Ljava/lang/String;[Ljava/lang/String;I)V @ 100
Event: 852.396 Thread 0x000000001f09e800 Uncommon trap: reason=unstable_if action=reinterpret pc=0x0000000007ee08cc method=org.objectweb.asm.MethodWriter.computeMethodInfoSize()I @ 342

Classes redefined (0 events):
No events

Internal exceptions (10 events):
Event: 796.544 Thread 0x000000001dd35800 Exception <a 'java/net/ConnectException': Connection refused: connect> (0x00000000d5705100) thrown at [D:\src\AOSP-openjdk-cygwin\jdk8u\hotspot\src\share\vm\prims\jni.cpp, line 735]
Event: 797.557 Thread 0x000000001dd35800 Exception <a 'java/net/ConnectException': Connection refused: connect> (0x00000000d57059f8) thrown at [D:\src\AOSP-openjdk-cygwin\jdk8u\hotspot\src\share\vm\prims\jni.cpp, line 735]
Event: 801.628 Thread 0x000000001f09e800 Exception <a 'java/net/ConnectException': Connection refused: connect> (0x00000000e228e0b8) thrown at [D:\src\AOSP-openjdk-cygwin\jdk8u\hotspot\src\share\vm\prims\jni.cpp, line 735]
Event: 802.639 Thread 0x000000001f09e800 Exception <a 'java/net/ConnectException': Connection refused: connect> (0x00000000e228ef68) thrown at [D:\src\AOSP-openjdk-cygwin\jdk8u\hotspot\src\share\vm\prims\jni.cpp, line 735]
Event: 803.651 Thread 0x000000001f09e800 Exception <a 'java/net/ConnectException': Connection refused: connect> (0x00000000e228fe18) thrown at [D:\src\AOSP-openjdk-cygwin\jdk8u\hotspot\src\share\vm\prims\jni.cpp, line 735]
Event: 806.279 Thread 0x000000001f09e800 Exception <a 'java/net/ConnectException': Connection refused: connect> (0x00000000e22bca70) thrown at [D:\src\AOSP-openjdk-cygwin\jdk8u\hotspot\src\share\vm\prims\jni.cpp, line 735]
Event: 807.298 Thread 0x000000001f09e800 Exception <a 'java/net/ConnectException': Connection refused: connect> (0x00000000e22bd920) thrown at [D:\src\AOSP-openjdk-cygwin\jdk8u\hotspot\src\share\vm\prims\jni.cpp, line 735]
Event: 808.311 Thread 0x000000001f09e800 Exception <a 'java/net/ConnectException': Connection refused: connect> (0x00000000e22be7d0) thrown at [D:\src\AOSP-openjdk-cygwin\jdk8u\hotspot\src\share\vm\prims\jni.cpp, line 735]
Event: 808.392 Thread 0x000000001f7f1800 Exception <a 'java/lang/InterruptedException'> (0x00000000e239ad50) thrown at [D:\src\AOSP-openjdk-cygwin\jdk8u\hotspot\src\share\vm\runtime\objectMonitor.cpp, line 1684]
Event: 851.985 Thread 0x000000001f09e800 Exception <a 'sun/nio/fs/WindowsException'> (0x00000000e3267c50) thrown at [D:\src\AOSP-openjdk-cygwin\jdk8u\hotspot\src\share\vm\prims\jni.cpp, line 709]

Events (10 events):
Event: 852.366 Thread 0x000000001f09e800 DEOPT UNPACKING pc=0x0000000002ee75d0 sp=0x0000000035a7ca08 mode 0
Event: 852.396 Thread 0x000000001f09e800 Uncommon trap: trap_request=0xffffff65 fr.pc=0x0000000007e78990
Event: 852.396 Thread 0x000000001f09e800 DEOPT PACKING pc=0x0000000007e78990 sp=0x0000000035a7c7d0
Event: 852.396 Thread 0x000000001f09e800 DEOPT UNPACKING pc=0x0000000002ee557b sp=0x0000000035a7c6f0 mode 2
Event: 852.396 Thread 0x000000001f09e800 Uncommon trap: trap_request=0xffffff65 fr.pc=0x0000000007e8f3f8
Event: 852.396 Thread 0x000000001f09e800 DEOPT PACKING pc=0x0000000007e8f3f8 sp=0x0000000035a7c700
Event: 852.396 Thread 0x000000001f09e800 DEOPT UNPACKING pc=0x0000000002ee557b sp=0x0000000035a7c6d0 mode 2
Event: 852.396 Thread 0x000000001f09e800 Uncommon trap: trap_request=0xffffff65 fr.pc=0x0000000007ee08cc
Event: 852.396 Thread 0x000000001f09e800 DEOPT PACKING pc=0x0000000007ee08cc sp=0x0000000035a7ca70
Event: 852.396 Thread 0x000000001f09e800 DEOPT UNPACKING pc=0x0000000002ee557b sp=0x0000000035a7ca10 mode 2


Dynamic libraries:
0x00007ff66ffd0000 - 0x00007ff670001000 	C:\Program Files\Android\Android Studio1\jre\bin\java.exe
0x00007ffca7660000 - 0x00007ffca784d000 	C:\WINDOWS\SYSTEM32\ntdll.dll
0x00007ffca6310000 - 0x00007ffca63c3000 	C:\WINDOWS\System32\KERNEL32.DLL
0x00007ffca3780000 - 0x00007ffca3a13000 	C:\WINDOWS\System32\KERNELBASE.dll
0x00007ffca6480000 - 0x00007ffca6523000 	C:\WINDOWS\System32\ADVAPI32.dll
0x00007ffca69c0000 - 0x00007ffca6a5e000 	C:\WINDOWS\System32\msvcrt.dll
0x00007ffca4a20000 - 0x00007ffca4abe000 	C:\WINDOWS\System32\sechost.dll
0x00007ffca4b20000 - 0x00007ffca4c42000 	C:\WINDOWS\System32\RPCRT4.dll
0x00007ffca67b0000 - 0x00007ffca6947000 	C:\WINDOWS\System32\USER32.dll
0x00007ffca4770000 - 0x00007ffca4790000 	C:\WINDOWS\System32\win32u.dll
0x00007ffca6ac0000 - 0x00007ffca6ae9000 	C:\WINDOWS\System32\GDI32.dll
0x00007ffca3a20000 - 0x00007ffca3bb9000 	C:\WINDOWS\System32\gdi32full.dll
0x00007ffca4580000 - 0x00007ffca4620000 	C:\WINDOWS\System32\msvcp_win.dll
0x00007ffca4790000 - 0x00007ffca488a000 	C:\WINDOWS\System32\ucrtbase.dll
0x00007ffca2500000 - 0x00007ffca2779000 	C:\WINDOWS\WinSxS\amd64_microsoft.windows.common-controls_6595b64144ccf1df_6.0.17763.615_none_05b4414a072024d4\COMCTL32.dll
0x00007ffca70a0000 - 0x00007ffca73cc000 	C:\WINDOWS\System32\combase.dll
0x00007ffca4620000 - 0x00007ffca469e000 	C:\WINDOWS\System32\bcryptPrimitives.dll
0x00007ffca7600000 - 0x00007ffca762e000 	C:\WINDOWS\System32\IMM32.DLL
0x00000000505a0000 - 0x0000000050672000 	C:\Program Files\Android\Android Studio1\jre\jre\bin\msvcr100.dll
0x0000000077570000 - 0x0000000077db1000 	C:\Program Files\Android\Android Studio1\jre\jre\bin\server\jvm.dll
0x00007ffca4890000 - 0x00007ffca4898000 	C:\WINDOWS\System32\PSAPI.DLL
0x00007ffc9e700000 - 0x00007ffc9e724000 	C:\WINDOWS\SYSTEM32\WINMM.dll
0x00007ffca22f0000 - 0x00007ffca22fa000 	C:\WINDOWS\SYSTEM32\VERSION.dll
0x00007ffc89d60000 - 0x00007ffc89d69000 	C:\WINDOWS\SYSTEM32\WSOCK32.dll
0x00007ffca6950000 - 0x00007ffca69bd000 	C:\WINDOWS\System32\WS2_32.dll
0x00007ffc9e6d0000 - 0x00007ffc9e6fd000 	C:\WINDOWS\SYSTEM32\WINMMBASE.dll
0x00007ffca3730000 - 0x00007ffca377a000 	C:\WINDOWS\System32\cfgmgr32.dll
0x00007ffca0ed0000 - 0x00007ffca0edf000 	C:\Program Files\Android\Android Studio1\jre\jre\bin\verify.dll
0x00007ffc97d20000 - 0x00007ffc97d49000 	C:\Program Files\Android\Android Studio1\jre\jre\bin\java.dll
0x00007ffc9d9b0000 - 0x00007ffc9d9c6000 	C:\Program Files\Android\Android Studio1\jre\jre\bin\zip.dll
0x00007ffca4d20000 - 0x00007ffca6210000 	C:\WINDOWS\System32\SHELL32.dll
0x00007ffca63d0000 - 0x00007ffca6478000 	C:\WINDOWS\System32\shcore.dll
0x00007ffca3c50000 - 0x00007ffca439a000 	C:\WINDOWS\System32\windows.storage.dll
0x00007ffca3660000 - 0x00007ffca3684000 	C:\WINDOWS\System32\profapi.dll
0x00007ffca36d0000 - 0x00007ffca372d000 	C:\WINDOWS\System32\powrprof.dll
0x00007ffca6a60000 - 0x00007ffca6ab2000 	C:\WINDOWS\System32\shlwapi.dll
0x00007ffca36b0000 - 0x00007ffca36c1000 	C:\WINDOWS\System32\kernel.appcore.dll
0x00007ffca46a0000 - 0x00007ffca46b7000 	C:\WINDOWS\System32\cryptsp.dll
0x00007ffc9cc70000 - 0x00007ffc9cc8a000 	C:\Program Files\Android\Android Studio1\jre\jre\bin\net.dll
0x00007ffca2ed0000 - 0x00007ffca2f37000 	C:\WINDOWS\system32\mswsock.dll
0x00007ffc9ca10000 - 0x00007ffc9ca21000 	C:\Program Files\Android\Android Studio1\jre\jre\bin\nio.dll
0x00007ffc9d9d0000 - 0x00007ffc9d9ee000 	C:\Users\Win7 Pro x64\.gradle\native\25\windows-amd64\native-platform.dll
0x00007ffca0e10000 - 0x00007ffca0e1d000 	C:\Program Files\Android\Android Studio1\jre\jre\bin\management.dll
0x00007ffca2a90000 - 0x00007ffca2ac3000 	C:\WINDOWS\system32\rsaenh.dll
0x00007ffca3c20000 - 0x00007ffca3c46000 	C:\WINDOWS\System32\bcrypt.dll
0x00007ffca3590000 - 0x00007ffca35b8000 	C:\WINDOWS\SYSTEM32\USERENV.dll
0x00007ffca30a0000 - 0x00007ffca30ac000 	C:\WINDOWS\SYSTEM32\CRYPTBASE.dll
0x00007ffca2c30000 - 0x00007ffca2c6d000 	C:\WINDOWS\SYSTEM32\IPHLPAPI.DLL
0x00007ffca6530000 - 0x00007ffca6538000 	C:\WINDOWS\System32\NSI.dll
0x00007ffc97d50000 - 0x00007ffc97d66000 	C:\WINDOWS\SYSTEM32\dhcpcsvc6.DLL
0x00007ffc98830000 - 0x00007ffc9884c000 	C:\WINDOWS\SYSTEM32\dhcpcsvc.DLL
0x00007ffca2c70000 - 0x00007ffca2d36000 	C:\WINDOWS\SYSTEM32\DNSAPI.dll
0x00007ffc976f0000 - 0x00007ffc97714000 	C:\Program Files\Android\Android Studio1\jre\jre\bin\sunec.dll
0x00007ffc959d0000 - 0x00007ffc959da000 	C:\Windows\System32\rasadhlp.dll
0x00007ffc959e0000 - 0x00007ffc95a59000 	C:\WINDOWS\System32\fwpuclnt.dll
0x00007ffc9e3e0000 - 0x00007ffc9e3eb000 	C:\Program Files\Android\Android Studio1\jre\jre\bin\sunmscapi.dll
0x00007ffca43a0000 - 0x00007ffca457b000 	C:\WINDOWS\System32\CRYPT32.dll
0x00007ffca3690000 - 0x00007ffca36a2000 	C:\WINDOWS\System32\MSASN1.dll
0x00007ffca2180000 - 0x00007ffca21b1000 	C:\WINDOWS\SYSTEM32\ntmarta.dll
0x00007ffc9f470000 - 0x00007ffc9f48e000 	C:\Users\Win7 Pro x64\AppData\Local\Temp\native-platform4870776267147511940dir\native-platform.dll

VM Arguments:
jvm_args: -Xmx2g -Dfile.encoding=windows-1252 -Duser.country=DE -Duser.language=de -Duser.variant 
java_command: org.gradle.launcher.daemon.bootstrap.GradleDaemon 5.1.1
java_class_path (initial): C:\Users\Win7 Pro x64\.gradle\wrapper\dists\gradle-5.1.1-all\97z1ksx6lirer3kbvdnh7jtjg\gradle-5.1.1\lib\gradle-launcher-5.1.1.jar
Launcher Type: SUN_STANDARD

Environment Variables:
PATH=C:\ProgramData\Oracle\Java\javapath;C:\Program Files\Common Files\Microsoft Shared\Windows Live;C:\Program Files (x86)\Common Files\Microsoft Shared\Windows Live;C:\WINDOWS\system32;C:\WINDOWS;C:\WINDOWS\System32\Wbem;C:\WINDOWS\System32\WindowsPowerShell\v1.0\;C:\Program Files (x86)\Windows Live\Shared;C:\Program Files\ThinkPad\Bluetooth Software\;C:\Program Files\ThinkPad\Bluetooth Software\syswow64;C:\Program Files (x86)\Intel\Services\IPT\;C:\Program Files (x86)\Intel\OpenCL SDK\2.0\bin\x86;C:\Program Files (x86)\Intel\OpenCL SDK\2.0\bin\x64;C:\Program Files (x86)\Common Files\Adobe\AGL;C:\Program Files\Git\cmd;c:\Program Files (x86)\Microsoft SQL Server\90\Tools\binn\;C:\WINDOWS\System32\OpenSSH\;C:\Program Files (x86)\Common Files\Propellerhead Software\ReWire\;C:\Program Files\Common Files\Propellerhead Software\ReWire\;C:\Program Files\FileBot\;C:\Users\Win7 Pro x64\AppData\Local\Microsoft\WindowsApps;C:\Users\Win7 Pro x64\AppData\Local\GitHubDesktop\bin;C:\Users\Win7 Pro x64\AppData\Local\Microsoft\WindowsApps;C:\Program Files\Java\jre1.8.0_121\bin;
USERNAME=Win7 Pro x64
OS=Windows_NT
PROCESSOR_IDENTIFIER=Intel64 Family 6 Model 42 Stepping 7, GenuineIntel



---------------  S Y S T E M  ---------------

OS: Windows 10.0 , 64 bit Build 17763 (10.0.17763.475)

CPU:total 4 (initial active 4) (2 cores per cpu, 2 threads per core) family 6 model 42 stepping 7, cmov, cx8, fxsr, mmx, sse, sse2, sse3, ssse3, sse4.1, sse4.2, popcnt, avx, aes, clmul, ht, tsc, tscinvbit

Memory: 4k page, physical 8269036k(542416k free), swap 9317612k(5164k free)

vm_info: OpenJDK 64-Bit Server VM (25.152-b01) for windows-amd64 JRE (1.8.0_152-release-1343-b01), built by "builder" with MS VC++ 10.0 (VS2010)

time: Mon Aug 12 17:47:24 2019
elapsed time: 852 seconds (0d 0h 14m 12s)

