#
# There is insufficient memory for the Java Runtime Environment to continue.
# Native memory allocation (malloc) failed to allocate 1213136 bytes for Chunk::new
# Possible reasons:
#   The system is out of physical RAM or swap space
#   In 32 bit mode, the process size limit was hit
# Possible solutions:
#   Reduce memory load on the system
#   Increase physical memory or swap space
#   Check if swap backing store is full
#   Use 64 bit Java on a 64 bit OS
#   Decrease Java heap size (-Xmx/-Xms)
#   Decrease number of Java threads
#   Decrease Java thread stack sizes (-Xss)
#   Set larger code cache with -XX:ReservedCodeCacheSize=
# This output file may be truncated or incomplete.
#
#  Out of Memory Error (allocation.cpp:390), pid=8452, tid=0x0000000000003958
#
# JRE version: OpenJDK Runtime Environment (8.0_152-b01) (build 1.8.0_152-release-1343-b01)
# Java VM: OpenJDK 64-Bit Server VM (25.152-b01 mixed mode windows-amd64 compressed oops)
# Failed to write core dump. Minidumps are not enabled by default on client versions of Windows
#

---------------  T H R E A D  ---------------

Current thread (0x0000000017d1b800):  JavaThread "C2 CompilerThread0" daemon [_thread_in_native, id=14680, stack(0x00000000193a0000,0x00000000194a0000)]

Stack: [0x00000000193a0000,0x00000000194a0000]
[error occurred during error reporting (printing stack bounds), id 0xc0000005]

Native frames: (J=compiled Java code, j=interpreted, Vv=VM code, C=native code)


Current CompileTask:
C2: 415407 19124   !   4       com.sun.org.apache.xerces.internal.parsers.XML11Configuration::<init> (1045 bytes)


---------------  P R O C E S S  ---------------

Java Threads: ( => current thread )
  0x000000001fb2f800 JavaThread "Cache worker for execution history cache (D:\Documents\AndroidAPS-dev\.gradle\5.1.1\executionHistory)" [_thread_blocked, id=4236, stack(0x000000002b7e0000,0x000000002b8e0000)]
  0x000000001fb31800 JavaThread "Execution worker for ':' Thread 3" [_thread_blocked, id=10200, stack(0x000000002b6e0000,0x000000002b7e0000)]
  0x000000001fb2b800 JavaThread "Execution worker for ':' Thread 2" [_thread_blocked, id=6728, stack(0x000000002b5e0000,0x000000002b6e0000)]
  0x000000001fb24000 JavaThread "Execution worker for ':'" [_thread_in_native, id=14516, stack(0x000000002b4e0000,0x000000002b5e0000)]
  0x000000001fb2a000 JavaThread "Cache worker for file content cache (D:\Documents\AndroidAPS-dev\.gradle\5.1.1\fileContent)" [_thread_blocked, id=5596, stack(0x000000002b3e0000,0x000000002b4e0000)]
  0x000000001fb23800 JavaThread "Cache worker for file content cache (C:\Users\Win7 Pro x64\.gradle\caches\5.1.1\fileContent)" [_thread_blocked, id=1472, stack(0x000000002b2e0000,0x000000002b3e0000)]
  0x000000001fb22800 JavaThread "Exec process Thread 3" [_thread_blocked, id=11680, stack(0x000000002b1e0000,0x000000002b2e0000)]
  0x0000000021635800 JavaThread "Exec process Thread 2" [_thread_blocked, id=14952, stack(0x000000002b0e0000,0x000000002b1e0000)]
  0x0000000021638800 JavaThread "Exec process" [_thread_blocked, id=12612, stack(0x000000002afe0000,0x000000002b0e0000)]
  0x0000000021631000 JavaThread "Cache worker for Build Output Cleanup Cache (D:\Documents\AndroidAPS-dev\.gradle\buildOutputCleanup)" [_thread_blocked, id=12568, stack(0x000000002aee0000,0x000000002afe0000)]
  0x0000000021638000 JavaThread "Build operations Thread 4" [_thread_blocked, id=12824, stack(0x000000002ade0000,0x000000002aee0000)]
  0x0000000021637000 JavaThread "Build operations Thread 3" [_thread_blocked, id=11972, stack(0x000000002ace0000,0x000000002ade0000)]
  0x0000000021635000 JavaThread "Build operations Thread 2" [_thread_blocked, id=13712, stack(0x000000002abe0000,0x000000002ace0000)]
  0x0000000021636800 JavaThread "Build operations" [_thread_blocked, id=3600, stack(0x000000002aae0000,0x000000002abe0000)]
  0x0000000021634000 JavaThread "Cache worker for cache directory md-rule (C:\Users\Win7 Pro x64\.gradle\caches\5.1.1\md-rule)" [_thread_blocked, id=15084, stack(0x000000002a9e0000,0x000000002aae0000)]
  0x000000002162c800 JavaThread "Cache worker for cache directory md-supplier (C:\Users\Win7 Pro x64\.gradle\caches\5.1.1\md-supplier)" [_thread_blocked, id=4424, stack(0x000000002a8e0000,0x000000002a9e0000)]
  0x000000002162d800 JavaThread "Cache worker for file hash cache (D:\Documents\AndroidAPS-dev\.gradle\5.1.1\fileHashes)" [_thread_blocked, id=7712, stack(0x000000002a7e0000,0x000000002a8e0000)]
  0x000000002162f800 JavaThread "Thread-49" [_thread_blocked, id=8788, stack(0x000000002a6e0000,0x000000002a7e0000)]
  0x0000000021633800 JavaThread "Stdin handler" [_thread_blocked, id=15248, stack(0x000000002a5e0000,0x000000002a6e0000)]
  0x0000000021632000 JavaThread "Asynchronous log dispatcher for DefaultDaemonConnection: socket connection from /127.0.0.1:58572 to /127.0.0.1:58710" [_thread_in_Java, id=9500, stack(0x000000002a4e0000,0x000000002a5e0000)]
  0x0000000021632800 JavaThread "Daemon worker Thread 2" [_thread_blocked, id=10896, stack(0x000000002a3e0000,0x000000002a4e0000)]
  0x000000002162f000 JavaThread "Cancel handler" [_thread_blocked, id=2128, stack(0x000000002a2e0000,0x000000002a3e0000)]
  0x0000000021629800 JavaThread "Handler for socket connection from /127.0.0.1:58572 to /127.0.0.1:58710" [_thread_in_native, id=13384, stack(0x000000002a1e0000,0x000000002a2e0000)]
  0x000000002162c000 JavaThread "Daemon Thread 2" [_thread_blocked, id=11360, stack(0x000000002a0e0000,0x000000002a1e0000)]
  0x000000001fb25800 JavaThread "Memory manager" [_thread_blocked, id=9132, stack(0x0000000025580000,0x0000000025680000)]
  0x000000001ab86800 JavaThread "Cache worker for execution history cache (C:\Users\Win7 Pro x64\.gradle\caches\5.1.1\executionHistory)" [_thread_blocked, id=7356, stack(0x00000000218f0000,0x00000000219f0000)]
  0x000000001ab85800 JavaThread "Cache worker for journal cache (C:\Users\Win7 Pro x64\.gradle\caches\journal-1)" [_thread_blocked, id=11676, stack(0x000000001d7f0000,0x000000001d8f0000)]
  0x0000000019708000 JavaThread "File lock request listener" [_thread_in_native, id=14328, stack(0x000000001d6f0000,0x000000001d7f0000)]
  0x00000000195aa000 JavaThread "Cache worker for file hash cache (C:\Users\Win7 Pro x64\.gradle\caches\5.1.1\fileHashes)" [_thread_blocked, id=14444, stack(0x000000001d5f0000,0x000000001d6f0000)]
  0x000000001b470800 JavaThread "Daemon periodic checks" [_thread_blocked, id=6732, stack(0x000000001cbf0000,0x000000001ccf0000)]
  0x000000001aba2000 JavaThread "Incoming local TCP Connector on port 58572" [_thread_in_native, id=14944, stack(0x000000001c980000,0x000000001ca80000)]
  0x00000000195a6800 JavaThread "Service Thread" daemon [_thread_blocked, id=9604, stack(0x0000000019aa0000,0x0000000019ba0000)]
  0x00000000195a1000 JavaThread "C1 CompilerThread2" daemon [_thread_blocked, id=14368, stack(0x00000000199a0000,0x0000000019aa0000)]
  0x0000000017d7c800 JavaThread "C2 CompilerThread1" daemon [_thread_blocked, id=1280, stack(0x00000000194a0000,0x00000000195a0000)]
=>0x0000000017d1b800 JavaThread "C2 CompilerThread0" daemon [_thread_in_native, id=14680, stack(0x00000000193a0000,0x00000000194a0000)]
  0x0000000017d1a800 JavaThread "Attach Listener" daemon [_thread_blocked, id=10752, stack(0x00000000192a0000,0x00000000193a0000)]
  0x0000000017d19000 JavaThread "Signal Dispatcher" daemon [_thread_blocked, id=68, stack(0x00000000191a0000,0x00000000192a0000)]
  0x00000000030fb800 JavaThread "Finalizer" daemon [_thread_blocked, id=12308, stack(0x0000000018f70000,0x0000000019070000)]
  0x00000000030f0800 JavaThread "Reference Handler" daemon [_thread_blocked, id=1972, stack(0x0000000018e70000,0x0000000018f70000)]
  0x0000000003002800 JavaThread "main" [_thread_blocked, id=14696, stack(0x0000000002e40000,0x0000000002f40000)]

Other Threads:
  0x0000000017ce7000 VMThread [stack: 0x0000000018d70000,0x0000000018e70000] [id=5260]
  0x00000000195a8000 WatcherThread [stack: 0x0000000019ba0000,0x0000000019ca0000] [id=1348]

VM state:not at safepoint (normal execution)

VM Mutex/Monitor currently owned by a thread: None

Heap:
 PSYoungGen      total 417280K, used 291258K [0x00000000d5580000, 0x00000000f5580000, 0x0000000100000000)
  eden space 360960K, 65% used [0x00000000d5580000,0x00000000e3af6250,0x00000000eb600000)
  from space 56320K, 99% used [0x00000000eb600000,0x00000000eecf88d0,0x00000000eed00000)
  to   space 67584K, 0% used [0x00000000f1380000,0x00000000f1380000,0x00000000f5580000)
 ParOldGen       total 223744K, used 180698K [0x0000000080000000, 0x000000008da80000, 0x00000000d5580000)
  object space 223744K, 80% used [0x0000000080000000,0x000000008b076ab8,0x000000008da80000)
 Metaspace       used 93283K, capacity 98118K, committed 98216K, reserved 1134592K
  class space    used 11980K, capacity 12974K, committed 12976K, reserved 1048576K

Card table byte_map: [0x00000000124c0000,0x00000000128d0000] byte_map_base: 0x00000000120c0000

Marking Bits: (ParMarkBitMap*) 0x00000000718f5aa0
 Begin Bits: [0x0000000012f80000, 0x0000000014f80000)
 End Bits:   [0x0000000014f80000, 0x0000000016f80000)

Polling page: 0x0000000001490000

CodeCache: size=245760Kb used=51636Kb max_used=51648Kb free=194123Kb
 bounds [0x0000000003100000, 0x00000000063c0000, 0x0000000012100000]
 total_blobs=15967 nmethods=15070 adapters=809
 compilation: enabled

Compilation events (10 events):
Event: 415.082 Thread 0x0000000017d7c800 19127       4       java.util.regex.Pattern$Begin::match (62 bytes)
Event: 415.087 Thread 0x0000000017d7c800 nmethod 19127 0x00000000063a3110 code [0x00000000063a3260, 0x00000000063a3398]
Event: 415.108 Thread 0x00000000195a1000 19128       3       com.android.ide.common.resources.ValueResourceParser2::addStyleableItems (180 bytes)
Event: 415.111 Thread 0x00000000195a1000 nmethod 19128 0x00000000063b3d90 code [0x00000000063b3fe0, 0x00000000063b4da8]
Event: 415.175 Thread 0x0000000017d7c800 19129       4       com.sun.org.apache.xerces.internal.impl.dtd.XMLDTDProcessor::getRecognizedFeatures (13 bytes)
Event: 415.178 Thread 0x0000000017d7c800 nmethod 19129 0x00000000063b3a90 code [0x00000000063b3be0, 0x00000000063b3cd8]
Event: 415.178 Thread 0x0000000017d7c800 19130       4       com.sun.org.apache.xerces.internal.impl.dtd.XMLDTDProcessor::getRecognizedProperties (13 bytes)
Event: 415.180 Thread 0x0000000017d7c800 nmethod 19130 0x00000000063b3790 code [0x00000000063b38e0, 0x00000000063b39d8]
Event: 415.211 Thread 0x0000000017d7c800 19131       4       java.net.URLClassLoader::findResources (20 bytes)
Event: 415.222 Thread 0x0000000017d7c800 nmethod 19131 0x0000000006394650 code [0x00000000063947a0, 0x0000000006394b38]

GC Heap History (10 events):
Event: 134.659 GC heap before
{Heap before GC invocations=25 (full 4):
 PSYoungGen      total 317952K, used 283648K [0x00000000d5580000, 0x00000000eaf00000, 0x0000000100000000)
  eden space 283648K, 100% used [0x00000000d5580000,0x00000000e6a80000,0x00000000e6a80000)
  from space 34304K, 0% used [0x00000000e8a80000,0x00000000e8a80000,0x00000000eac00000)
  to   space 32768K, 0% used [0x00000000e6a80000,0x00000000e6a80000,0x00000000e8a80000)
 ParOldGen       total 223744K, used 105918K [0x0000000080000000, 0x000000008da80000, 0x00000000d5580000)
  object space 223744K, 47% used [0x0000000080000000,0x000000008676f9a0,0x000000008da80000)
 Metaspace       used 78124K, capacity 81634K, committed 81832K, reserved 1120256K
  class space    used 10338K, capacity 11060K, committed 11184K, reserved 1048576K
Event: 134.724 GC heap after
Heap after GC invocations=25 (full 4):
 PSYoungGen      total 316416K, used 12070K [0x00000000d5580000, 0x00000000ed380000, 0x0000000100000000)
  eden space 283648K, 0% used [0x00000000d5580000,0x00000000d5580000,0x00000000e6a80000)
  from space 32768K, 36% used [0x00000000e6a80000,0x00000000e7649888,0x00000000e8a80000)
  to   space 31232K, 0% used [0x00000000eb500000,0x00000000eb500000,0x00000000ed380000)
 ParOldGen       total 223744K, used 105926K [0x0000000080000000, 0x000000008da80000, 0x00000000d5580000)
  object space 223744K, 47% used [0x0000000080000000,0x00000000867719a0,0x000000008da80000)
 Metaspace       used 78124K, capacity 81634K, committed 81832K, reserved 1120256K
  class space    used 10338K, capacity 11060K, committed 11184K, reserved 1048576K
}
Event: 162.544 GC heap before
{Heap before GC invocations=26 (full 4):
 PSYoungGen      total 316416K, used 295718K [0x00000000d5580000, 0x00000000ed380000, 0x0000000100000000)
  eden space 283648K, 100% used [0x00000000d5580000,0x00000000e6a80000,0x00000000e6a80000)
  from space 32768K, 36% used [0x00000000e6a80000,0x00000000e7649888,0x00000000e8a80000)
  to   space 31232K, 0% used [0x00000000eb500000,0x00000000eb500000,0x00000000ed380000)
 ParOldGen       total 223744K, used 105926K [0x0000000080000000, 0x000000008da80000, 0x00000000d5580000)
  object space 223744K, 47% used [0x0000000080000000,0x00000000867719a0,0x000000008da80000)
 Metaspace       used 82960K, capacity 87454K, committed 87464K, reserved 1124352K
  class space    used 10777K, capacity 11694K, committed 11696K, reserved 1048576K
Event: 162.695 GC heap after
Heap after GC invocations=26 (full 4):
 PSYoungGen      total 352256K, used 31212K [0x00000000d5580000, 0x00000000edd80000, 0x0000000100000000)
  eden space 321024K, 0% used [0x00000000d5580000,0x00000000d5580000,0x00000000e8f00000)
  from space 31232K, 99% used [0x00000000eb500000,0x00000000ed37b1e0,0x00000000ed380000)
  to   space 38912K, 0% used [0x00000000e8f00000,0x00000000e8f00000,0x00000000eb500000)
 ParOldGen       total 223744K, used 113604K [0x0000000080000000, 0x000000008da80000, 0x00000000d5580000)
  object space 223744K, 50% used [0x0000000080000000,0x0000000086ef1068,0x000000008da80000)
 Metaspace       used 82960K, capacity 87454K, committed 87464K, reserved 1124352K
  class space    used 10777K, capacity 11694K, committed 11696K, reserved 1048576K
}
Event: 179.521 GC heap before
{Heap before GC invocations=27 (full 4):
 PSYoungGen      total 352256K, used 352236K [0x00000000d5580000, 0x00000000edd80000, 0x0000000100000000)
  eden space 321024K, 100% used [0x00000000d5580000,0x00000000e8f00000,0x00000000e8f00000)
  from space 31232K, 99% used [0x00000000eb500000,0x00000000ed37b1e0,0x00000000ed380000)
  to   space 38912K, 0% used [0x00000000e8f00000,0x00000000e8f00000,0x00000000eb500000)
 ParOldGen       total 223744K, used 113604K [0x0000000080000000, 0x000000008da80000, 0x00000000d5580000)
  object space 223744K, 50% used [0x0000000080000000,0x0000000086ef1068,0x000000008da80000)
 Metaspace       used 91155K, capacity 95910K, committed 96296K, reserved 1132544K
  class space    used 11802K, capacity 12760K, committed 12848K, reserved 1048576K
Event: 179.708 GC heap after
Heap after GC invocations=27 (full 4):
 PSYoungGen      total 359936K, used 38893K [0x00000000d5580000, 0x00000000f2480000, 0x0000000100000000)
  eden space 321024K, 0% used [0x00000000d5580000,0x00000000d5580000,0x00000000e8f00000)
  from space 38912K, 99% used [0x00000000e8f00000,0x00000000eb4fb558,0x00000000eb500000)
  to   space 54784K, 0% used [0x00000000eef00000,0x00000000eef00000,0x00000000f2480000)
 ParOldGen       total 223744K, used 139493K [0x0000000080000000, 0x000000008da80000, 0x00000000d5580000)
  object space 223744K, 62% used [0x0000000080000000,0x0000000088839790,0x000000008da80000)
 Metaspace       used 91155K, capacity 95910K, committed 96296K, reserved 1132544K
  class space    used 11802K, capacity 12760K, committed 12848K, reserved 1048576K
}
Event: 210.588 GC heap before
{Heap before GC invocations=28 (full 4):
 PSYoungGen      total 359936K, used 359917K [0x00000000d5580000, 0x00000000f2480000, 0x0000000100000000)
  eden space 321024K, 100% used [0x00000000d5580000,0x00000000e8f00000,0x00000000e8f00000)
  from space 38912K, 99% used [0x00000000e8f00000,0x00000000eb4fb558,0x00000000eb500000)
  to   space 54784K, 0% used [0x00000000eef00000,0x00000000eef00000,0x00000000f2480000)
 ParOldGen       total 223744K, used 139493K [0x0000000080000000, 0x000000008da80000, 0x00000000d5580000)
  object space 223744K, 62% used [0x0000000080000000,0x0000000088839790,0x000000008da80000)
 Metaspace       used 92041K, capacity 96764K, committed 97064K, reserved 1134592K
  class space    used 11885K, capacity 12829K, committed 12848K, reserved 1048576K
Event: 210.786 GC heap after
Heap after GC invocations=28 (full 4):
 PSYoungGen      total 415232K, used 34954K [0x00000000d5580000, 0x00000000f2400000, 0x0000000100000000)
  eden space 360960K, 0% used [0x00000000d5580000,0x00000000d5580000,0x00000000eb600000)
  from space 54272K, 64% used [0x00000000eef00000,0x00000000f1122bb0,0x00000000f2400000)
  to   space 56320K, 0% used [0x00000000eb600000,0x00000000eb600000,0x00000000eed00000)
 ParOldGen       total 223744K, used 176033K [0x0000000080000000, 0x000000008da80000, 0x00000000d5580000)
  object space 223744K, 78% used [0x0000000080000000,0x000000008abe8728,0x000000008da80000)
 Metaspace       used 92041K, capacity 96764K, committed 97064K, reserved 1134592K
  class space    used 11885K, capacity 12829K, committed 12848K, reserved 1048576K
}
Event: 400.252 GC heap before
{Heap before GC invocations=29 (full 4):
 PSYoungGen      total 415232K, used 395914K [0x00000000d5580000, 0x00000000f2400000, 0x0000000100000000)
  eden space 360960K, 100% used [0x00000000d5580000,0x00000000eb600000,0x00000000eb600000)
  from space 54272K, 64% used [0x00000000eef00000,0x00000000f1122bb0,0x00000000f2400000)
  to   space 56320K, 0% used [0x00000000eb600000,0x00000000eb600000,0x00000000eed00000)
 ParOldGen       total 223744K, used 176033K [0x0000000080000000, 0x000000008da80000, 0x00000000d5580000)
  object space 223744K, 78% used [0x0000000080000000,0x000000008abe8728,0x000000008da80000)
 Metaspace       used 92929K, capacity 97796K, committed 97960K, reserved 1134592K
  class space    used 11946K, capacity 12933K, committed 12976K, reserved 1048576K
Event: 400.487 GC heap after
Heap after GC invocations=29 (full 4):
 PSYoungGen      total 417280K, used 56290K [0x00000000d5580000, 0x00000000f5580000, 0x0000000100000000)
  eden space 360960K, 0% used [0x00000000d5580000,0x00000000d5580000,0x00000000eb600000)
  from space 56320K, 99% used [0x00000000eb600000,0x00000000eecf88d0,0x00000000eed00000)
  to   space 67584K, 0% used [0x00000000f1380000,0x00000000f1380000,0x00000000f5580000)
 ParOldGen       total 223744K, used 180698K [0x0000000080000000, 0x000000008da80000, 0x00000000d5580000)
  object space 223744K, 80% used [0x0000000080000000,0x000000008b076ab8,0x000000008da80000)
 Metaspace       used 92929K, capacity 97796K, committed 97960K, reserved 1134592K
  class space    used 11946K, capacity 12933K, committed 12976K, reserved 1048576K
}

Deoptimization events (10 events):
Event: 403.750 Thread 0x0000000021632800 Uncommon trap: reason=unstable_if action=reinterpret pc=0x0000000005f8992c method=com.sun.org.apache.xerces.internal.dom.ParentNode.internalRemoveChild(Lorg/w3c/dom/Node;Z)Lorg/w3c/dom/Node; @ 87
Event: 404.051 Thread 0x0000000021632800 Uncommon trap: reason=class_check action=maybe_recompile pc=0x0000000006305570 method=com.sun.org.apache.xerces.internal.dom.ElementImpl.getAttribute(Ljava/lang/String;)Ljava/lang/String; @ 32
Event: 404.051 Thread 0x0000000021632800 Uncommon trap: reason=class_check action=maybe_recompile pc=0x0000000006305570 method=com.sun.org.apache.xerces.internal.dom.ElementImpl.getAttribute(Ljava/lang/String;)Ljava/lang/String; @ 32
Event: 404.051 Thread 0x0000000021632800 Uncommon trap: reason=class_check action=maybe_recompile pc=0x0000000006305570 method=com.sun.org.apache.xerces.internal.dom.ElementImpl.getAttribute(Ljava/lang/String;)Ljava/lang/String; @ 32
Event: 404.051 Thread 0x0000000021632800 Uncommon trap: reason=class_check action=maybe_recompile pc=0x0000000006305570 method=com.sun.org.apache.xerces.internal.dom.ElementImpl.getAttribute(Ljava/lang/String;)Ljava/lang/String; @ 32
Event: 404.157 Thread 0x0000000021632800 Uncommon trap: reason=unstable_if action=reinterpret pc=0x0000000005f61f10 method=com.sun.org.apache.xerces.internal.dom.ParentNode.internalRemoveChild(Lorg/w3c/dom/Node;Z)Lorg/w3c/dom/Node; @ 87
Event: 404.177 Thread 0x0000000021632800 Uncommon trap: reason=unstable_if action=reinterpret pc=0x0000000005f15774 method=com.sun.org.apache.xerces.internal.dom.ParentNode.nodeListItem(I)Lorg/w3c/dom/Node; @ 15
Event: 404.178 Thread 0x0000000021632800 Uncommon trap: reason=unstable_if action=reinterpret pc=0x0000000005f042f4 method=com.sun.org.apache.xerces.internal.dom.ParentNode.nodeListItem(I)Lorg/w3c/dom/Node; @ 15
Event: 405.152 Thread 0x000000001fb24000 Uncommon trap: reason=class_check action=maybe_recompile pc=0x000000000566ca54 method=org.gradle.api.internal.artifacts.transform.TransformationOperation.run(Lorg/gradle/internal/operations/BuildOperationContext;)V @ 13
Event: 411.264 Thread 0x000000001fb24000 Uncommon trap: reason=class_check action=maybe_recompile pc=0x000000000566ca54 method=org.gradle.api.internal.artifacts.transform.TransformationOperation.run(Lorg/gradle/internal/operations/BuildOperationContext;)V @ 13

Classes redefined (0 events):
No events

Internal exceptions (10 events):
Event: 385.696 Thread 0x0000000021632800 Exception <a 'sun/nio/fs/WindowsException'> (0x00000000dabdd8c0) thrown at [D:\src\AOSP-openjdk-cygwin\jdk8u\hotspot\src\share\vm\prims\jni.cpp, line 709]
Event: 385.696 Thread 0x0000000021632800 Exception <a 'sun/nio/fs/WindowsException'> (0x00000000dabde5c0) thrown at [D:\src\AOSP-openjdk-cygwin\jdk8u\hotspot\src\share\vm\prims\jni.cpp, line 709]
Event: 385.698 Thread 0x0000000021632800 Exception <a 'sun/nio/fs/WindowsException'> (0x00000000dabe12c0) thrown at [D:\src\AOSP-openjdk-cygwin\jdk8u\hotspot\src\share\vm\prims\jni.cpp, line 709]
Event: 385.712 Thread 0x0000000021632800 Exception <a 'sun/nio/fs/WindowsException'> (0x00000000dabe2000) thrown at [D:\src\AOSP-openjdk-cygwin\jdk8u\hotspot\src\share\vm\prims\jni.cpp, line 709]
Event: 385.712 Thread 0x0000000021632800 Exception <a 'sun/nio/fs/WindowsException'> (0x00000000dabe4158) thrown at [D:\src\AOSP-openjdk-cygwin\jdk8u\hotspot\src\share\vm\prims\jni.cpp, line 709]
Event: 385.714 Thread 0x0000000021632800 Exception <a 'sun/nio/fs/WindowsException'> (0x00000000dabe50b8) thrown at [D:\src\AOSP-openjdk-cygwin\jdk8u\hotspot\src\share\vm\prims\jni.cpp, line 709]
Event: 388.039 Thread 0x0000000021632800 Exception <a 'sun/nio/fs/WindowsException'> (0x00000000dff24148) thrown at [D:\src\AOSP-openjdk-cygwin\jdk8u\hotspot\src\share\vm\prims\jni.cpp, line 709]
Event: 389.304 Thread 0x0000000021632800 Implicit null exception at 0x00000000059778e6 to 0x00000000059791ba
Event: 403.750 Thread 0x0000000021632800 Implicit null exception at 0x0000000005f88b05 to 0x0000000005f89901
Event: 404.156 Thread 0x0000000021632800 Implicit null exception at 0x0000000005f61c02 to 0x0000000005f61ef5

Events (10 events):
Event: 411.264 Thread 0x000000001fb24000 DEOPT PACKING pc=0x000000000566ca54 sp=0x000000002b5dbaa0
Event: 411.264 Thread 0x000000001fb24000 DEOPT UNPACKING pc=0x000000000314557b sp=0x000000002b5db9e0 mode 2
Event: 412.828 Thread 0x000000001fb24000 DEOPT PACKING pc=0x00000000047672cb sp=0x000000002b5dbf10
Event: 412.828 Thread 0x000000001fb24000 DEOPT UNPACKING pc=0x00000000031475d0 sp=0x000000002b5dbd48 mode 0
Event: 412.850 Thread 0x000000001fb24000 DEOPT PACKING pc=0x0000000005e931c6 sp=0x000000002b5dc5b0
Event: 412.850 Thread 0x000000001fb24000 DEOPT UNPACKING pc=0x00000000031475d0 sp=0x000000002b5dc338 mode 0
Event: 414.945 loading class org/gradle/workers/internal/WorkerDaemonExpiration$SimpleMemoryExpirationSelector
Event: 414.945 loading class org/gradle/workers/internal/WorkerDaemonExpiration$SimpleMemoryExpirationSelector done
Event: 414.947 loading class org/gradle/workers/internal/WorkerDaemonClientsManager$1
Event: 414.947 loading class org/gradle/workers/internal/WorkerDaemonClientsManager$1 done


Dynamic libraries:
0x00007ff6258a0000 - 0x00007ff6258d1000 	C:\Program Files\Android\Android Studio1\jre\bin\java.exe
0x00007ff807510000 - 0x00007ff8076fd000 	C:\WINDOWS\SYSTEM32\ntdll.dll
0x00007ff806330000 - 0x00007ff8063e3000 	C:\WINDOWS\System32\KERNEL32.DLL
0x00007ff8035e0000 - 0x00007ff803873000 	C:\WINDOWS\System32\KERNELBASE.dll
0x00007ff8060b0000 - 0x00007ff806153000 	C:\WINDOWS\System32\ADVAPI32.dll
0x00007ff8068d0000 - 0x00007ff80696e000 	C:\WINDOWS\System32\msvcrt.dll
0x00007ff806f00000 - 0x00007ff806f9e000 	C:\WINDOWS\System32\sechost.dll
0x00007ff806ab0000 - 0x00007ff806bd2000 	C:\WINDOWS\System32\RPCRT4.dll
0x00007ff8049e0000 - 0x00007ff804b77000 	C:\WINDOWS\System32\USER32.dll
0x00007ff804700000 - 0x00007ff804720000 	C:\WINDOWS\System32\win32u.dll
0x00007ff804b80000 - 0x00007ff804ba9000 	C:\WINDOWS\System32\GDI32.dll
0x00007ff8043e0000 - 0x00007ff80457a000 	C:\WINDOWS\System32\gdi32full.dll
0x00007ff804660000 - 0x00007ff804700000 	C:\WINDOWS\System32\msvcp_win.dll
0x00007ff8038e0000 - 0x00007ff8039da000 	C:\WINDOWS\System32\ucrtbase.dll
0x00007ff8023c0000 - 0x00007ff802639000 	C:\WINDOWS\WinSxS\amd64_microsoft.windows.common-controls_6595b64144ccf1df_6.0.17763.557_none_05b63f68071e5b9f\COMCTL32.dll
0x00007ff807100000 - 0x00007ff80742c000 	C:\WINDOWS\System32\combase.dll
0x00007ff803a30000 - 0x00007ff803aae000 	C:\WINDOWS\System32\bcryptPrimitives.dll
0x00007ff806da0000 - 0x00007ff806dce000 	C:\WINDOWS\System32\IMM32.DLL
0x0000000072820000 - 0x00000000728f2000 	C:\Program Files\Android\Android Studio1\jre\jre\bin\msvcr100.dll
0x0000000071130000 - 0x0000000071971000 	C:\Program Files\Android\Android Studio1\jre\jre\bin\server\jvm.dll
0x00007ff806ef0000 - 0x00007ff806ef8000 	C:\WINDOWS\System32\PSAPI.DLL
0x00007fffeb560000 - 0x00007fffeb569000 	C:\WINDOWS\SYSTEM32\WSOCK32.dll
0x00007ff806dd0000 - 0x00007ff806e3d000 	C:\WINDOWS\System32\WS2_32.dll
0x00007ffffed80000 - 0x00007ffffeda4000 	C:\WINDOWS\SYSTEM32\WINMM.dll
0x00007ff8021b0000 - 0x00007ff8021ba000 	C:\WINDOWS\SYSTEM32\VERSION.dll
0x00007ffffed50000 - 0x00007ffffed7d000 	C:\WINDOWS\SYSTEM32\WINMMBASE.dll
0x00007ff8039e0000 - 0x00007ff803a2a000 	C:\WINDOWS\System32\cfgmgr32.dll
0x00007ff801920000 - 0x00007ff80192f000 	C:\Program Files\Android\Android Studio1\jre\jre\bin\verify.dll
0x00007ffffef10000 - 0x00007ffffef39000 	C:\Program Files\Android\Android Studio1\jre\jre\bin\java.dll
0x00007ff801460000 - 0x00007ff801476000 	C:\Program Files\Android\Android Studio1\jre\jre\bin\zip.dll
0x00007ff804bc0000 - 0x00007ff8060b0000 	C:\WINDOWS\System32\SHELL32.dll
0x00007ff807430000 - 0x00007ff8074d8000 	C:\WINDOWS\System32\shcore.dll
0x00007ff803c90000 - 0x00007ff8043da000 	C:\WINDOWS\System32\windows.storage.dll
0x00007ff803510000 - 0x00007ff803534000 	C:\WINDOWS\System32\profapi.dll
0x00007ff803580000 - 0x00007ff8035dd000 	C:\WINDOWS\System32\powrprof.dll
0x00007ff8048b0000 - 0x00007ff804902000 	C:\WINDOWS\System32\shlwapi.dll
0x00007ff803560000 - 0x00007ff803571000 	C:\WINDOWS\System32\kernel.appcore.dll
0x00007ff804720000 - 0x00007ff804737000 	C:\WINDOWS\System32\cryptsp.dll
0x00007ff800a30000 - 0x00007ff800a4a000 	C:\Program Files\Android\Android Studio1\jre\jre\bin\net.dll
0x00007ff802d90000 - 0x00007ff802df7000 	C:\WINDOWS\system32\mswsock.dll
0x00007ff800870000 - 0x00007ff800881000 	C:\Program Files\Android\Android Studio1\jre\jre\bin\nio.dll
0x00007ffffeef0000 - 0x00007ffffef0e000 	C:\Users\Win7 Pro x64\.gradle\native\25\windows-amd64\native-platform.dll
0x00007ff8016e0000 - 0x00007ff8016ed000 	C:\Program Files\Android\Android Studio1\jre\jre\bin\management.dll
0x00007ff802950000 - 0x00007ff802983000 	C:\WINDOWS\system32\rsaenh.dll
0x00007ff804630000 - 0x00007ff804656000 	C:\WINDOWS\System32\bcrypt.dll
0x00007ff803440000 - 0x00007ff803468000 	C:\WINDOWS\SYSTEM32\USERENV.dll
0x00007ff802f60000 - 0x00007ff802f6c000 	C:\WINDOWS\SYSTEM32\CRYPTBASE.dll
0x00007ff802af0000 - 0x00007ff802b2d000 	C:\WINDOWS\SYSTEM32\IPHLPAPI.DLL
0x00007ff806d10000 - 0x00007ff806d18000 	C:\WINDOWS\System32\NSI.dll
0x00007ffff8390000 - 0x00007ffff83a6000 	C:\WINDOWS\SYSTEM32\dhcpcsvc6.DLL
0x00007ffff8d20000 - 0x00007ffff8d3c000 	C:\WINDOWS\SYSTEM32\dhcpcsvc.DLL
0x00007ff802b30000 - 0x00007ff802bf6000 	C:\WINDOWS\SYSTEM32\DNSAPI.dll
0x00007ffff95b0000 - 0x00007ffff95d4000 	C:\Program Files\Android\Android Studio1\jre\jre\bin\sunec.dll
0x00007ffff4dc0000 - 0x00007ffff4dca000 	C:\Windows\System32\rasadhlp.dll
0x00007fffee7b0000 - 0x00007fffee829000 	C:\WINDOWS\System32\fwpuclnt.dll
0x00007ffffeee0000 - 0x00007ffffeeeb000 	C:\Program Files\Android\Android Studio1\jre\jre\bin\sunmscapi.dll
0x00007ff803ab0000 - 0x00007ff803c8b000 	C:\WINDOWS\System32\CRYPT32.dll
0x00007ff803540000 - 0x00007ff803552000 	C:\WINDOWS\System32\MSASN1.dll

VM Arguments:
jvm_args: -Xmx2g -Dfile.encoding=windows-1252 -Duser.country=DE -Duser.language=de -Duser.variant 
java_command: org.gradle.launcher.daemon.bootstrap.GradleDaemon 5.1.1
java_class_path (initial): C:\Users\Win7 Pro x64\.gradle\wrapper\dists\gradle-5.1.1-all\97z1ksx6lirer3kbvdnh7jtjg\gradle-5.1.1\lib\gradle-launcher-5.1.1.jar
Launcher Type: SUN_STANDARD

Environment Variables:
PATH=C:\ProgramData\Oracle\Java\javapath;C:\Program Files\Common Files\Microsoft Shared\Windows Live;C:\Program Files (x86)\Common Files\Microsoft Shared\Windows Live;C:\WINDOWS\system32;C:\WINDOWS;C:\WINDOWS\System32\Wbem;C:\WINDOWS\System32\WindowsPowerShell\v1.0\;C:\Program Files (x86)\Windows Live\Shared;C:\Program Files\ThinkPad\Bluetooth Software\;C:\Program Files\ThinkPad\Bluetooth Software\syswow64;C:\Program Files (x86)\Intel\Services\IPT\;C:\Program Files (x86)\Intel\OpenCL SDK\2.0\bin\x86;C:\Program Files (x86)\Intel\OpenCL SDK\2.0\bin\x64;C:\Program Files (x86)\Common Files\Adobe\AGL;C:\Program Files\Git\cmd;c:\Program Files (x86)\Microsoft SQL Server\90\Tools\binn\;C:\WINDOWS\System32\OpenSSH\;C:\Program Files (x86)\Common Files\Propellerhead Software\ReWire\;C:\Program Files\Common Files\Propellerhead Software\ReWire\;C:\Program Files\FileBot\;C:\Users\Win7 Pro x64\AppData\Local\Microsoft\WindowsApps;C:\Users\Win7 Pro x64\AppData\Local\GitHubDesktop\bin;C:\Users\Win7 Pro x64\AppData\Local\Microsoft\WindowsApps;C:\Program Files\Java\jre1.8.0_121\bin;
USERNAME=Win7 Pro x64
OS=Windows_NT
PROCESSOR_IDENTIFIER=Intel64 Family 6 Model 42 Stepping 7, GenuineIntel



---------------  S Y S T E M  ---------------

OS: Windows 10.0 , 64 bit Build 17763 (10.0.17763.475)

CPU:total 4 (initial active 4) (2 cores per cpu, 2 threads per core) family 6 model 42 stepping 7, cmov, cx8, fxsr, mmx, sse, sse2, sse3, ssse3, sse4.1, sse4.2, popcnt, avx, aes, clmul, ht, tsc, tscinvbit

Memory: 4k page, physical 8269036k(823344k free), swap 9317612k(6048k free)

vm_info: OpenJDK 64-Bit Server VM (25.152-b01) for windows-amd64 JRE (1.8.0_152-release-1343-b01), built by "builder" with MS VC++ 10.0 (VS2010)

time: Wed Jul 17 20:18:20 2019
elapsed time: 415 seconds (0d 0h 6m 55s)

